<?xml version="1.0" encoding="UTF-8"?>
<testsuite xmlns:xsi="http://www.w3.org/2001/XMLSchema-instance" xsi:noNamespaceSchemaLocation="https://maven.apache.org/surefire/maven-surefire-plugin/xsd/surefire-test-report-3.0.xsd" version="3.0" name="com.web.webapp.DataRetrievalTests" time="21.513" tests="1" errors="1" skipped="0" failures="0">
  <properties>
[...]
</properties>
  <testcase name="testBlank" classname="com.web.webapp.DataRetrievalTests" time="0.001">
    <error message="Failed to load ApplicationContext for [WebMergedContextConfiguration@5b3c11ce testClass = com.web.webapp.DataRetrievalTests, locations = [], classes = [com.web.webapp.config.DynamoDBConfig, com.web.webapp.config.RepositoryConfig], contextInitializerClasses = [], activeProfiles = [], propertySourceLocations = [], propertySourceProperties = [&quot;classpath:database.properties&quot;, &quot;org.springframework.boot.test.context.SpringBootTestContextBootstrapper=true&quot;], contextCustomizers = [org.springframework.boot.test.context.filter.ExcludeFilterContextCustomizer@536dbea0, org.springframework.boot.test.json.DuplicateJsonObjectContextCustomizerFactory$DuplicateJsonObjectContextCustomizer@21d03963, org.springframework.boot.test.mock.mockito.MockitoContextCustomizer@0, org.springframework.boot.test.web.client.TestRestTemplateContextCustomizer@13404f75, org.springframework.boot.test.autoconfigure.actuate.observability.ObservabilityContextCustomizerFactory$DisableObservabilityContextCustomizer@1f, org.springframework.boot.test.autoconfigure.properties.PropertyMappingContextCustomizer@0, org.springframework.boot.test.autoconfigure.web.servlet.WebDriverContextCustomizerFactory$Customizer@3b79fd76, org.springframework.test.context.web.socket.MockServerContainerContextCustomizer@949d347, org.springframework.boot.test.context.SpringBootTestAnnotation@31e57450], resourceBasePath = &quot;src/main/webapp&quot;, contextLoader = org.springframework.boot.test.context.SpringBootContextLoader, parent = null]" type="java.lang.IllegalStateException"><![CDATA[java.lang.IllegalStateException: Failed to load ApplicationContext for [WebMergedContextConfiguration@5b3c11ce testClass = com.web.webapp.DataRetrievalTests, locations = [], classes = [com.web.webapp.config.DynamoDBConfig, com.web.webapp.config.RepositoryConfig], contextInitializerClasses = [], activeProfiles = [], propertySourceLocations = [], propertySourceProperties = ["classpath:database.properties", "org.springframework.boot.test.context.SpringBootTestContextBootstrapper=true"], contextCustomizers = [org.springframework.boot.test.context.filter.ExcludeFilterContextCustomizer@536dbea0, org.springframework.boot.test.json.DuplicateJsonObjectContextCustomizerFactory$DuplicateJsonObjectContextCustomizer@21d03963, org.springframework.boot.test.mock.mockito.MockitoContextCustomizer@0, org.springframework.boot.test.web.client.TestRestTemplateContextCustomizer@13404f75, org.springframework.boot.test.autoconfigure.actuate.observability.ObservabilityContextCustomizerFactory$DisableObservabilityContextCustomizer@1f, org.springframework.boot.test.autoconfigure.properties.PropertyMappingContextCustomizer@0, org.springframework.boot.test.autoconfigure.web.servlet.WebDriverContextCustomizerFactory$Customizer@3b79fd76, org.springframework.test.context.web.socket.MockServerContainerContextCustomizer@949d347, org.springframework.boot.test.context.SpringBootTestAnnotation@31e57450], resourceBasePath = "src/main/webapp", contextLoader = org.springframework.boot.test.context.SpringBootContextLoader, parent = null]
	at org.springframework.test.context.cache.DefaultCacheAwareContextLoaderDelegate.loadContext(DefaultCacheAwareContextLoaderDelegate.java:142)
	at org.springframework.test.context.support.DefaultTestContext.getApplicationContext(DefaultTestContext.java:127)
	at org.springframework.test.context.web.ServletTestExecutionListener.setUpRequestContextIfNecessary(ServletTestExecutionListener.java:191)
	at org.springframework.test.context.web.ServletTestExecutionListener.prepareTestInstance(ServletTestExecutionListener.java:130)
	at org.springframework.test.context.TestContextManager.prepareTestInstance(TestContextManager.java:241)
	at org.springframework.test.context.junit.jupiter.SpringExtension.postProcessTestInstance(SpringExtension.java:138)
	at org.junit.jupiter.engine.descriptor.ClassBasedTestDescriptor.lambda$invokeTestInstancePostProcessors$10(ClassBasedTestDescriptor.java:377)
	at org.junit.jupiter.engine.descriptor.ClassBasedTestDescriptor.executeAndMaskThrowable(ClassBasedTestDescriptor.java:382)
	at org.junit.jupiter.engine.descriptor.ClassBasedTestDescriptor.lambda$invokeTestInstancePostProcessors$11(ClassBasedTestDescriptor.java:377)
	at java.base/java.util.stream.ReferencePipeline$3$1.accept(ReferencePipeline.java:197)
	at java.base/java.util.stream.ReferencePipeline$2$1.accept(ReferencePipeline.java:179)
	at java.base/java.util.ArrayList$ArrayListSpliterator.forEachRemaining(ArrayList.java:1625)
	at java.base/java.util.stream.AbstractPipeline.copyInto(AbstractPipeline.java:509)
	at java.base/java.util.stream.AbstractPipeline.wrapAndCopyInto(AbstractPipeline.java:499)
	at java.base/java.util.stream.StreamSpliterators$WrappingSpliterator.forEachRemaining(StreamSpliterators.java:310)
	at java.base/java.util.stream.Streams$ConcatSpliterator.forEachRemaining(Streams.java:735)
	at java.base/java.util.stream.Streams$ConcatSpliterator.forEachRemaining(Streams.java:734)
	at java.base/java.util.stream.ReferencePipeline$Head.forEach(ReferencePipeline.java:762)
	at org.junit.jupiter.engine.descriptor.ClassBasedTestDescriptor.invokeTestInstancePostProcessors(ClassBasedTestDescriptor.java:376)
	at org.junit.jupiter.engine.descriptor.ClassBasedTestDescriptor.lambda$instantiateAndPostProcessTestInstance$6(ClassBasedTestDescriptor.java:289)
	at org.junit.platform.engine.support.hierarchical.ThrowableCollector.execute(ThrowableCollector.java:73)
	at org.junit.jupiter.engine.descriptor.ClassBasedTestDescriptor.instantiateAndPostProcessTestInstance(ClassBasedTestDescriptor.java:288)
	at org.junit.jupiter.engine.descriptor.ClassBasedTestDescriptor.lambda$testInstancesProvider$4(ClassBasedTestDescriptor.java:278)
	at java.base/java.util.Optional.orElseGet(Optional.java:364)
	at org.junit.jupiter.engine.descriptor.ClassBasedTestDescriptor.lambda$testInstancesProvider$5(ClassBasedTestDescriptor.java:277)
	at org.junit.jupiter.engine.execution.TestInstancesProvider.getTestInstances(TestInstancesProvider.java:31)
	at org.junit.jupiter.engine.descriptor.TestMethodTestDescriptor.lambda$prepare$0(TestMethodTestDescriptor.java:105)
	at org.junit.platform.engine.support.hierarchical.ThrowableCollector.execute(ThrowableCollector.java:73)
	at org.junit.jupiter.engine.descriptor.TestMethodTestDescriptor.prepare(TestMethodTestDescriptor.java:104)
	at org.junit.jupiter.engine.descriptor.TestMethodTestDescriptor.prepare(TestMethodTestDescriptor.java:68)
	at org.junit.platform.engine.support.hierarchical.NodeTestTask.lambda$prepare$2(NodeTestTask.java:123)
	at org.junit.platform.engine.support.hierarchical.ThrowableCollector.execute(ThrowableCollector.java:73)
	at org.junit.platform.engine.support.hierarchical.NodeTestTask.prepare(NodeTestTask.java:123)
	at org.junit.platform.engine.support.hierarchical.NodeTestTask.execute(NodeTestTask.java:90)
	at java.base/java.util.ArrayList.forEach(ArrayList.java:1511)
	at org.junit.platform.engine.support.hierarchical.SameThreadHierarchicalTestExecutorService.invokeAll(SameThreadHierarchicalTestExecutorService.java:41)
	at org.junit.platform.engine.support.hierarchical.NodeTestTask.lambda$executeRecursively$6(NodeTestTask.java:155)
	at org.junit.platform.engine.support.hierarchical.ThrowableCollector.execute(ThrowableCollector.java:73)
	at org.junit.platform.engine.support.hierarchical.NodeTestTask.lambda$executeRecursively$8(NodeTestTask.java:141)
	at org.junit.platform.engine.support.hierarchical.Node.around(Node.java:137)
	at org.junit.platform.engine.support.hierarchical.NodeTestTask.lambda$executeRecursively$9(NodeTestTask.java:139)
	at org.junit.platform.engine.support.hierarchical.ThrowableCollector.execute(ThrowableCollector.java:73)
	at org.junit.platform.engine.support.hierarchical.NodeTestTask.executeRecursively(NodeTestTask.java:138)
	at org.junit.platform.engine.support.hierarchical.NodeTestTask.execute(NodeTestTask.java:95)
	at java.base/java.util.ArrayList.forEach(ArrayList.java:1511)
	at org.junit.platform.engine.support.hierarchical.SameThreadHierarchicalTestExecutorService.invokeAll(SameThreadHierarchicalTestExecutorService.java:41)
	at org.junit.platform.engine.support.hierarchical.NodeTestTask.lambda$executeRecursively$6(NodeTestTask.java:155)
	at org.junit.platform.engine.support.hierarchical.ThrowableCollector.execute(ThrowableCollector.java:73)
	at org.junit.platform.engine.support.hierarchical.NodeTestTask.lambda$executeRecursively$8(NodeTestTask.java:141)
	at org.junit.platform.engine.support.hierarchical.Node.around(Node.java:137)
	at org.junit.platform.engine.support.hierarchical.NodeTestTask.lambda$executeRecursively$9(NodeTestTask.java:139)
	at org.junit.platform.engine.support.hierarchical.ThrowableCollector.execute(ThrowableCollector.java:73)
	at org.junit.platform.engine.support.hierarchical.NodeTestTask.executeRecursively(NodeTestTask.java:138)
	at org.junit.platform.engine.support.hierarchical.NodeTestTask.execute(NodeTestTask.java:95)
	at org.junit.platform.engine.support.hierarchical.SameThreadHierarchicalTestExecutorService.submit(SameThreadHierarchicalTestExecutorService.java:35)
	at org.junit.platform.engine.support.hierarchical.HierarchicalTestExecutor.execute(HierarchicalTestExecutor.java:57)
	at org.junit.platform.engine.support.hierarchical.HierarchicalTestEngine.execute(HierarchicalTestEngine.java:54)
	at org.junit.platform.launcher.core.EngineExecutionOrchestrator.execute(EngineExecutionOrchestrator.java:147)
	at org.junit.platform.launcher.core.EngineExecutionOrchestrator.execute(EngineExecutionOrchestrator.java:127)
	at org.junit.platform.launcher.core.EngineExecutionOrchestrator.execute(EngineExecutionOrchestrator.java:90)
	at org.junit.platform.launcher.core.EngineExecutionOrchestrator.lambda$execute$0(EngineExecutionOrchestrator.java:55)
	at org.junit.platform.launcher.core.EngineExecutionOrchestrator.withInterceptedStreams(EngineExecutionOrchestrator.java:102)
	at org.junit.platform.launcher.core.EngineExecutionOrchestrator.execute(EngineExecutionOrchestrator.java:54)
	at org.junit.platform.launcher.core.DefaultLauncher.execute(DefaultLauncher.java:114)
	at org.junit.platform.launcher.core.DefaultLauncher.execute(DefaultLauncher.java:86)
	at org.junit.platform.launcher.core.DefaultLauncherSession$DelegatingLauncher.execute(DefaultLauncherSession.java:86)
	at org.apache.maven.surefire.junitplatform.LazyLauncher.execute(LazyLauncher.java:50)
	at org.apache.maven.surefire.junitplatform.JUnitPlatformProvider.execute(JUnitPlatformProvider.java:184)
	at org.apache.maven.surefire.junitplatform.JUnitPlatformProvider.invokeAllTests(JUnitPlatformProvider.java:148)
	at org.apache.maven.surefire.junitplatform.JUnitPlatformProvider.invoke(JUnitPlatformProvider.java:122)
	at org.apache.maven.surefire.booter.ForkedBooter.runSuitesInProcess(ForkedBooter.java:385)
	at org.apache.maven.surefire.booter.ForkedBooter.execute(ForkedBooter.java:162)
	at org.apache.maven.surefire.booter.ForkedBooter.run(ForkedBooter.java:507)
	at org.apache.maven.surefire.booter.ForkedBooter.main(ForkedBooter.java:495)
Caused by: org.springframework.beans.factory.BeanCreationException: Error creating bean with name 'repositoryConfig': Invocation of init method failed
	at org.springframework.beans.factory.annotation.InitDestroyAnnotationBeanPostProcessor.postProcessBeforeInitialization(InitDestroyAnnotationBeanPostProcessor.java:196)
	at org.springframework.beans.factory.support.AbstractAutowireCapableBeanFactory.applyBeanPostProcessorsBeforeInitialization(AbstractAutowireCapableBeanFactory.java:419)
	at org.springframework.beans.factory.support.AbstractAutowireCapableBeanFactory.initializeBean(AbstractAutowireCapableBeanFactory.java:1762)
	at org.springframework.beans.factory.support.AbstractAutowireCapableBeanFactory.doCreateBean(AbstractAutowireCapableBeanFactory.java:598)
	at org.springframework.beans.factory.support.AbstractAutowireCapableBeanFactory.createBean(AbstractAutowireCapableBeanFactory.java:520)
	at org.springframework.beans.factory.support.AbstractBeanFactory.lambda$doGetBean$0(AbstractBeanFactory.java:326)
	at org.springframework.beans.factory.support.DefaultSingletonBeanRegistry.getSingleton(DefaultSingletonBeanRegistry.java:234)
	at org.springframework.beans.factory.support.AbstractBeanFactory.doGetBean(AbstractBeanFactory.java:324)
	at org.springframework.beans.factory.support.AbstractBeanFactory.getBean(AbstractBeanFactory.java:200)
	at org.springframework.beans.factory.support.DefaultListableBeanFactory.preInstantiateSingletons(DefaultListableBeanFactory.java:973)
	at org.springframework.context.support.AbstractApplicationContext.finishBeanFactoryInitialization(AbstractApplicationContext.java:941)
	at org.springframework.context.support.AbstractApplicationContext.refresh(AbstractApplicationContext.java:608)
	at org.springframework.boot.SpringApplication.refresh(SpringApplication.java:733)
	at org.springframework.boot.SpringApplication.refreshContext(SpringApplication.java:435)
	at org.springframework.boot.SpringApplication.run(SpringApplication.java:311)
	at org.springframework.boot.test.context.SpringBootContextLoader.lambda$loadContext$3(SpringBootContextLoader.java:137)
	at org.springframework.util.function.ThrowingSupplier.get(ThrowingSupplier.java:58)
	at org.springframework.util.function.ThrowingSupplier.get(ThrowingSupplier.java:46)
	at org.springframework.boot.SpringApplication.withHook(SpringApplication.java:1405)
	at org.springframework.boot.test.context.SpringBootContextLoader$ContextLoaderHook.run(SpringBootContextLoader.java:545)
	at org.springframework.boot.test.context.SpringBootContextLoader.loadContext(SpringBootContextLoader.java:137)
	at org.springframework.boot.test.context.SpringBootContextLoader.loadContext(SpringBootContextLoader.java:108)
	at org.springframework.test.context.cache.DefaultCacheAwareContextLoaderDelegate.loadContextInternal(DefaultCacheAwareContextLoaderDelegate.java:184)
	at org.springframework.test.context.cache.DefaultCacheAwareContextLoaderDelegate.loadContext(DefaultCacheAwareContextLoaderDelegate.java:118)
	... 73 more
Caused by: com.amazonaws.services.dynamodbv2.model.AmazonDynamoDBException: The request processing has failed because of an unknown error, exception or failure. (Service: AmazonDynamoDBv2; Status Code: 500; Error Code: InternalFailure; Request ID: cf9690c9-daa3-481a-9e9c-cb0876530375; Proxy: null)
	at com.amazonaws.http.AmazonHttpClient$RequestExecutor.handleErrorResponse(AmazonHttpClient.java:1879)
	at com.amazonaws.http.AmazonHttpClient$RequestExecutor.handleServiceErrorResponse(AmazonHttpClient.java:1418)
	at com.amazonaws.http.AmazonHttpClient$RequestExecutor.executeOneRequest(AmazonHttpClient.java:1387)
	at com.amazonaws.http.AmazonHttpClient$RequestExecutor.executeHelper(AmazonHttpClient.java:1157)
	at com.amazonaws.http.AmazonHttpClient$RequestExecutor.doExecute(AmazonHttpClient.java:814)
	at com.amazonaws.http.AmazonHttpClient$RequestExecutor.executeWithTimer(AmazonHttpClient.java:781)
	at com.amazonaws.http.AmazonHttpClient$RequestExecutor.execute(AmazonHttpClient.java:755)
	at com.amazonaws.http.AmazonHttpClient$RequestExecutor.access$500(AmazonHttpClient.java:715)
	at com.amazonaws.http.AmazonHttpClient$RequestExecutionBuilderImpl.execute(AmazonHttpClient.java:697)
	at com.amazonaws.http.AmazonHttpClient.execute(AmazonHttpClient.java:561)
	at com.amazonaws.http.AmazonHttpClient.execute(AmazonHttpClient.java:541)
	at com.amazonaws.services.dynamodbv2.AmazonDynamoDBClient.doInvoke(AmazonDynamoDBClient.java:6719)
	at com.amazonaws.services.dynamodbv2.AmazonDynamoDBClient.invoke(AmazonDynamoDBClient.java:6686)
	at com.amazonaws.services.dynamodbv2.AmazonDynamoDBClient.executeCreateTable(AmazonDynamoDBClient.java:1206)
	at com.amazonaws.services.dynamodbv2.AmazonDynamoDBClient.createTable(AmazonDynamoDBClient.java:1170)
	at com.web.webapp.config.RepositoryConfig.setUpEmailTable(RepositoryConfig.java:45)
	at java.base/jdk.internal.reflect.DirectMethodHandleAccessor.invoke(DirectMethodHandleAccessor.java:104)
	at java.base/java.lang.reflect.Method.invoke(Method.java:578)
	at org.springframework.beans.factory.annotation.InitDestroyAnnotationBeanPostProcessor$LifecycleElement.invoke(InitDestroyAnnotationBeanPostProcessor.java:425)
	at org.springframework.beans.factory.annotation.InitDestroyAnnotationBeanPostProcessor$LifecycleMetadata.invokeInitMethods(InitDestroyAnnotationBeanPostProcessor.java:369)
	at org.springframework.beans.factory.annotation.InitDestroyAnnotationBeanPostProcessor.postProcessBeforeInitialization(InitDestroyAnnotationBeanPostProcessor.java:193)
	... 96 more
]]></error>
    <system-out><![CDATA[Initializing DynamoDB Local with the following configuration:
Port:	8000
InMemory:	true
DbPath:	null
SharedDb:	false
shouldDelayTransientStatuses:	false
CorsParams:	null

2023-07-17T14:43:21.034+01:00  INFO 91986 --- [           main] org.eclipse.jetty.server.Server          : jetty-11.0.15; built: 2023-04-11T18:37:53.775Z; git: 5bc5e562c8d05c5862505aebe5cf83a61bdbcb96; jvm 20.0.1
2023-07-17T14:43:21.121+01:00  INFO 91986 --- [           main] o.e.jetty.server.handler.ContextHandler  : Started o.e.j.s.h.ContextHandler@3c65f00e{/,null,AVAILABLE}
2023-07-17T14:43:21.145+01:00  INFO 91986 --- [           main] o.e.jetty.server.AbstractConnector       : Started ServerConnector@2759749{HTTP/1.1, (http/1.1)}{0.0.0.0:8000}
2023-07-17T14:43:21.150+01:00  INFO 91986 --- [           main] org.eclipse.jetty.server.Server          : Started Server@36ecf9f6{STARTING}[11.0.15,sto=0] @7549ms

  .   ____          _            __ _ _
 /\\ / ___'_ __ _ _(_)_ __  __ _ \ \ \ \
( ( )\___ | '_ | '_| | '_ \/ _` | \ \ \ \
 \\/  ___)| |_)| | | | | || (_| |  ) ) ) )
  '  |____| .__|_| |_|_| |_\__, | / / / /
 =========|_|==============|___/=/_/_/_/
 :: Spring Boot ::                (v3.1.0)

2023-07-17T14:43:21.216+01:00  INFO 91986 --- [           main] com.web.webapp.DataRetrievalTests        : Starting DataRetrievalTests using Java 20.0.1 with PID 91986 (started by hari_rathod in /Users/hari_rathod/java_repos/webapp)
2023-07-17T14:43:21.216+01:00  INFO 91986 --- [           main] com.web.webapp.DataRetrievalTests        : No active profile set, falling back to 1 default profile: "default"
2023-07-17T14:43:21.277+01:00  INFO 91986 --- [           main] .s.d.r.c.RepositoryConfigurationDelegate : Bootstrapping Spring Data DynamoDB repositories in DEFAULT mode.
2023-07-17T14:43:21.303+01:00  INFO 91986 --- [           main] .s.d.r.c.RepositoryConfigurationDelegate : Finished Spring Data repository scanning in 8 ms. Found 0 DynamoDB repository interfaces.
2023-07-17T14:43:23.490+01:00  INFO 91986 --- [tp1652372991-36] c.a.s.d.l.s.LocalDynamoDBServerHandler   : accessKey: key	
2023-07-17T14:43:23.492+01:00  INFO 91986 --- [tp1652372991-36] c.a.s.d.l.s.LocalDynamoDBServerHandler   : target: CreateTable
2023-07-17T14:43:23.593+01:00  WARN 91986 --- [  SQLiteQueue[]] com.almworks.sqlite4java                 : [sqlite] cannot open DB[1]: com.almworks.sqlite4java.SQLiteException: [-91] cannot load library: com.almworks.sqlite4java.SQLiteException: [-91] sqlite4java cannot find native library
2023-07-17T14:43:23.594+01:00 ERROR 91986 --- [  SQLiteQueue[]] com.almworks.sqlite4java                 : [sqlite] SQLiteQueue[]: error running job queue

com.almworks.sqlite4java.SQLiteException: [-91] cannot load library: com.almworks.sqlite4java.SQLiteException: [-91] sqlite4java cannot find native library
	at com.almworks.sqlite4java.SQLite.loadLibrary(SQLite.java:97) ~[sqlite4java-1.0.392.jar:392]
	at com.almworks.sqlite4java.SQLiteConnection.open0(SQLiteConnection.java:1441) ~[sqlite4java-1.0.392.jar:392]
	at com.almworks.sqlite4java.SQLiteConnection.open(SQLiteConnection.java:282) ~[sqlite4java-1.0.392.jar:392]
	at com.almworks.sqlite4java.SQLiteConnection.open(SQLiteConnection.java:293) ~[sqlite4java-1.0.392.jar:392]
	at com.almworks.sqlite4java.SQLiteQueue.openConnection(SQLiteQueue.java:464) ~[sqlite4java-1.0.392.jar:392]
	at com.almworks.sqlite4java.SQLiteQueue.queueFunction(SQLiteQueue.java:641) ~[sqlite4java-1.0.392.jar:392]
	at com.almworks.sqlite4java.SQLiteQueue.runQueue(SQLiteQueue.java:623) ~[sqlite4java-1.0.392.jar:392]
	at com.almworks.sqlite4java.SQLiteQueue.access$000(SQLiteQueue.java:77) ~[sqlite4java-1.0.392.jar:392]
	at com.almworks.sqlite4java.SQLiteQueue$1.run(SQLiteQueue.java:205) ~[sqlite4java-1.0.392.jar:392]
	at java.base/java.lang.Thread.run(Thread.java:1623) ~[na:na]
Caused by: com.almworks.sqlite4java.SQLiteException: [-91] sqlite4java cannot find native library
	at com.almworks.sqlite4java.Internal.loadLibraryX(Internal.java:136) ~[sqlite4java-1.0.392.jar:392]
	at com.almworks.sqlite4java.SQLite.loadLibrary(SQLite.java:95) ~[sqlite4java-1.0.392.jar:392]
	... 9 common frames omitted

2023-07-17T14:43:23.601+01:00 ERROR 91986 --- [  SQLiteQueue[]] com.almworks.sqlite4java                 : [sqlite] SQLiteQueue[]: stopped abnormally, reincarnation is not possible for in-memory database
2023-07-17T14:43:23.602+01:00 ERROR 91986 --- [tp1652372991-36] c.a.s.d.l.s.LocalDynamoDBServerHandler   : Unexpected exception occured

java.lang.NullPointerException: Cannot invoke "java.lang.Long.longValue()" because "lastStoredSequenceNumber" is null
	at com.amazonaws.services.dynamodbv2.local.shared.access.sqlite.SQLiteDBAccess.initializeMetadataTables(SQLiteDBAccess.java:461) ~[DynamoDBLocal-2.0.0.jar:na]
	at com.amazonaws.services.dynamodbv2.local.shared.access.sqlite.SQLiteDBAccess.<init>(SQLiteDBAccess.java:248) ~[DynamoDBLocal-2.0.0.jar:na]
	at com.amazonaws.services.dynamodbv2.local.shared.access.sqlite.SQLiteDBAccess.<init>(SQLiteDBAccess.java:217) ~[DynamoDBLocal-2.0.0.jar:na]
	at com.amazonaws.services.dynamodbv2.local.server.LocalDynamoDBRequestHandler.getDBAccess(LocalDynamoDBRequestHandler.java:208) ~[DynamoDBLocal-2.0.0.jar:na]
	at com.amazonaws.services.dynamodbv2.local.server.LocalDynamoDBRequestHandler.getHandler(LocalDynamoDBRequestHandler.java:199) ~[DynamoDBLocal-2.0.0.jar:na]
	at com.amazonaws.services.dynamodbv2.local.server.LocalDynamoDBRequestHandler.createTable(LocalDynamoDBRequestHandler.java:252) ~[DynamoDBLocal-2.0.0.jar:na]
	at com.amazonaws.services.dynamodbv2.local.dispatchers.CreateTableDispatcher.enact(CreateTableDispatcher.java:18) ~[DynamoDBLocal-2.0.0.jar:na]
	at com.amazonaws.services.dynamodbv2.local.dispatchers.CreateTableDispatcher.enact(CreateTableDispatcher.java:12) ~[DynamoDBLocal-2.0.0.jar:na]
	at com.amazonaws.services.dynamodbv2.local.server.LocalDynamoDBServerHandler.packageDynamoDBResponse(LocalDynamoDBServerHandler.java:407) ~[DynamoDBLocal-2.0.0.jar:na]
	at com.amazonaws.services.dynamodbv2.local.server.LocalDynamoDBServerHandler.handle(LocalDynamoDBServerHandler.java:496) ~[DynamoDBLocal-2.0.0.jar:na]
	at org.eclipse.jetty.server.handler.HandlerWrapper.handle(HandlerWrapper.java:122) ~[jetty-server-11.0.15.jar:11.0.15]
	at org.eclipse.jetty.server.handler.ScopedHandler.nextHandle(ScopedHandler.java:223) ~[jetty-server-11.0.15.jar:11.0.15]
	at org.eclipse.jetty.server.handler.ContextHandler.doHandle(ContextHandler.java:1381) ~[jetty-server-11.0.15.jar:11.0.15]
	at org.eclipse.jetty.server.handler.ScopedHandler.nextScope(ScopedHandler.java:178) ~[jetty-server-11.0.15.jar:11.0.15]
	at org.eclipse.jetty.server.handler.ContextHandler.doScope(ContextHandler.java:1303) ~[jetty-server-11.0.15.jar:11.0.15]
	at org.eclipse.jetty.server.handler.ScopedHandler.handle(ScopedHandler.java:129) ~[jetty-server-11.0.15.jar:11.0.15]
	at org.eclipse.jetty.server.handler.ContextHandlerCollection.handle(ContextHandlerCollection.java:149) ~[jetty-server-11.0.15.jar:11.0.15]
	at org.eclipse.jetty.server.handler.HandlerWrapper.handle(HandlerWrapper.java:122) ~[jetty-server-11.0.15.jar:11.0.15]
	at org.eclipse.jetty.server.Server.handle(Server.java:563) ~[jetty-server-11.0.15.jar:11.0.15]
	at org.eclipse.jetty.server.HttpChannel.lambda$handle$0(HttpChannel.java:505) ~[jetty-server-11.0.15.jar:11.0.15]
	at org.eclipse.jetty.server.HttpChannel.dispatch(HttpChannel.java:762) ~[jetty-server-11.0.15.jar:11.0.15]
	at org.eclipse.jetty.server.HttpChannel.handle(HttpChannel.java:497) ~[jetty-server-11.0.15.jar:11.0.15]
	at org.eclipse.jetty.server.HttpConnection.onFillable(HttpConnection.java:282) ~[jetty-server-11.0.15.jar:11.0.15]
	at org.eclipse.jetty.io.AbstractConnection$ReadCallback.succeeded(AbstractConnection.java:314) ~[jetty-io-11.0.15.jar:11.0.15]
	at org.eclipse.jetty.io.FillInterest.fillable(FillInterest.java:100) ~[jetty-io-11.0.15.jar:11.0.15]
	at org.eclipse.jetty.io.SelectableChannelEndPoint$1.run(SelectableChannelEndPoint.java:53) ~[jetty-io-11.0.15.jar:11.0.15]
	at org.eclipse.jetty.util.thread.QueuedThreadPool.runJob(QueuedThreadPool.java:969) ~[jetty-util-11.0.15.jar:11.0.15]
	at org.eclipse.jetty.util.thread.QueuedThreadPool$Runner.doRunJob(QueuedThreadPool.java:1194) ~[jetty-util-11.0.15.jar:11.0.15]
	at org.eclipse.jetty.util.thread.QueuedThreadPool$Runner.run(QueuedThreadPool.java:1149) ~[jetty-util-11.0.15.jar:11.0.15]
	at java.base/java.lang.Thread.run(Thread.java:1623) ~[na:na]

2023-07-17T14:43:23.633+01:00  INFO 91986 --- [tp1652372991-36] c.a.s.d.l.s.LocalDynamoDBServerHandler   : [Request] header name: Authorization : value: AWS4-HMAC-SHA256 Credential=key/20230717/${amazon.dynamodb.region/dynamodb/aws4_request, SignedHeaders=amz-sdk-invocation-id;amz-sdk-request;amz-sdk-retry;content-length;content-type;host;user-agent;x-amz-date;x-amz-target, Signature=92025acf0cf925057c84725c36236e64d3cc09daab43fabb1e3bb900f20bb19e
header name: X-Amz-Date : value: 20230717T134323Z
header name: User-Agent : value: aws-sdk-java/1.12.472 Mac_OS_X/13.4.1 OpenJDK_64-Bit_Server_VM/20.0.1 java/20.0.1 kotlin/1.6.21 vendor/Homebrew cfg/retry-mode/legacy
header name: Connection : value: keep-alive
header name: Host : value: localhost:8000
header name: amz-sdk-invocation-id : value: 6b269eb2-80a6-ea98-70a7-3b1f666b381c
header name: amz-sdk-request : value: attempt=1;max=11
header name: amz-sdk-retry : value: 0/0/500
header name: Content-Length : value: 143
header name: X-Amz-Target : value: DynamoDB_20120810.CreateTable
header name: Content-Type : value: application/x-amz-json-1.0
request body: {"AttributeDefinitions":[{"AttributeName":"id","AttributeType":"S"}],"TableName":"Email","KeySchema":[{"AttributeName":"id","KeyType":"HASH"}]}

2023-07-17T14:43:23.634+01:00  INFO 91986 --- [tp1652372991-36] c.a.s.d.l.s.LocalDynamoDBServerHandler   : [Response] header name: x-amzn-RequestId : value: baa821b3-2a7b-49e7-94f0-bb6e2129d82b
header name: Date : value: Mon, 17 Jul 2023 13:43:23 GMT
header name: Content-Type : value: application/x-amz-json-1.0
status: 500
response body: {"__type":"com.amazonaws.dynamodb.v20120810#InternalFailure","Message":"The request processing has failed because of an unknown error, exception or failure."}

2023-07-17T14:43:23.733+01:00  INFO 91986 --- [tp1652372991-32] c.a.s.d.l.s.LocalDynamoDBServerHandler   : accessKey: key	
2023-07-17T14:43:23.733+01:00  INFO 91986 --- [tp1652372991-32] c.a.s.d.l.s.LocalDynamoDBServerHandler   : target: CreateTable
2023-07-17T14:43:23.738+01:00  WARN 91986 --- [  SQLiteQueue[]] com.almworks.sqlite4java                 : [sqlite] cannot open DB[2]: com.almworks.sqlite4java.SQLiteException: [-91] cannot load library: com.almworks.sqlite4java.SQLiteException: [-91] sqlite4java cannot find native library
2023-07-17T14:43:23.739+01:00 ERROR 91986 --- [  SQLiteQueue[]] com.almworks.sqlite4java                 : [sqlite] SQLiteQueue[]: error running job queue

com.almworks.sqlite4java.SQLiteException: [-91] cannot load library: com.almworks.sqlite4java.SQLiteException: [-91] sqlite4java cannot find native library
	at com.almworks.sqlite4java.SQLite.loadLibrary(SQLite.java:97) ~[sqlite4java-1.0.392.jar:392]
	at com.almworks.sqlite4java.SQLiteConnection.open0(SQLiteConnection.java:1441) ~[sqlite4java-1.0.392.jar:392]
	at com.almworks.sqlite4java.SQLiteConnection.open(SQLiteConnection.java:282) ~[sqlite4java-1.0.392.jar:392]
	at com.almworks.sqlite4java.SQLiteConnection.open(SQLiteConnection.java:293) ~[sqlite4java-1.0.392.jar:392]
	at com.almworks.sqlite4java.SQLiteQueue.openConnection(SQLiteQueue.java:464) ~[sqlite4java-1.0.392.jar:392]
	at com.almworks.sqlite4java.SQLiteQueue.queueFunction(SQLiteQueue.java:641) ~[sqlite4java-1.0.392.jar:392]
	at com.almworks.sqlite4java.SQLiteQueue.runQueue(SQLiteQueue.java:623) ~[sqlite4java-1.0.392.jar:392]
	at com.almworks.sqlite4java.SQLiteQueue.access$000(SQLiteQueue.java:77) ~[sqlite4java-1.0.392.jar:392]
	at com.almworks.sqlite4java.SQLiteQueue$1.run(SQLiteQueue.java:205) ~[sqlite4java-1.0.392.jar:392]
	at java.base/java.lang.Thread.run(Thread.java:1623) ~[na:na]
Caused by: com.almworks.sqlite4java.SQLiteException: [-91] sqlite4java cannot find native library
	at com.almworks.sqlite4java.Internal.loadLibraryX(Internal.java:136) ~[sqlite4java-1.0.392.jar:392]
	at com.almworks.sqlite4java.SQLite.loadLibrary(SQLite.java:95) ~[sqlite4java-1.0.392.jar:392]
	... 9 common frames omitted

2023-07-17T14:43:23.739+01:00 ERROR 91986 --- [  SQLiteQueue[]] com.almworks.sqlite4java                 : [sqlite] SQLiteQueue[]: stopped abnormally, reincarnation is not possible for in-memory database
2023-07-17T14:43:23.740+01:00 ERROR 91986 --- [tp1652372991-32] c.a.s.d.l.s.LocalDynamoDBServerHandler   : Unexpected exception occured

java.lang.NullPointerException: Cannot invoke "java.lang.Long.longValue()" because "lastStoredSequenceNumber" is null
	at com.amazonaws.services.dynamodbv2.local.shared.access.sqlite.SQLiteDBAccess.initializeMetadataTables(SQLiteDBAccess.java:461) ~[DynamoDBLocal-2.0.0.jar:na]
	at com.amazonaws.services.dynamodbv2.local.shared.access.sqlite.SQLiteDBAccess.<init>(SQLiteDBAccess.java:248) ~[DynamoDBLocal-2.0.0.jar:na]
	at com.amazonaws.services.dynamodbv2.local.shared.access.sqlite.SQLiteDBAccess.<init>(SQLiteDBAccess.java:217) ~[DynamoDBLocal-2.0.0.jar:na]
	at com.amazonaws.services.dynamodbv2.local.server.LocalDynamoDBRequestHandler.getDBAccess(LocalDynamoDBRequestHandler.java:208) ~[DynamoDBLocal-2.0.0.jar:na]
	at com.amazonaws.services.dynamodbv2.local.server.LocalDynamoDBRequestHandler.getHandler(LocalDynamoDBRequestHandler.java:199) ~[DynamoDBLocal-2.0.0.jar:na]
	at com.amazonaws.services.dynamodbv2.local.server.LocalDynamoDBRequestHandler.createTable(LocalDynamoDBRequestHandler.java:252) ~[DynamoDBLocal-2.0.0.jar:na]
	at com.amazonaws.services.dynamodbv2.local.dispatchers.CreateTableDispatcher.enact(CreateTableDispatcher.java:18) ~[DynamoDBLocal-2.0.0.jar:na]
	at com.amazonaws.services.dynamodbv2.local.dispatchers.CreateTableDispatcher.enact(CreateTableDispatcher.java:12) ~[DynamoDBLocal-2.0.0.jar:na]
	at com.amazonaws.services.dynamodbv2.local.server.LocalDynamoDBServerHandler.packageDynamoDBResponse(LocalDynamoDBServerHandler.java:407) ~[DynamoDBLocal-2.0.0.jar:na]
	at com.amazonaws.services.dynamodbv2.local.server.LocalDynamoDBServerHandler.handle(LocalDynamoDBServerHandler.java:496) ~[DynamoDBLocal-2.0.0.jar:na]
	at org.eclipse.jetty.server.handler.HandlerWrapper.handle(HandlerWrapper.java:122) ~[jetty-server-11.0.15.jar:11.0.15]
	at org.eclipse.jetty.server.handler.ScopedHandler.nextHandle(ScopedHandler.java:223) ~[jetty-server-11.0.15.jar:11.0.15]
	at org.eclipse.jetty.server.handler.ContextHandler.doHandle(ContextHandler.java:1381) ~[jetty-server-11.0.15.jar:11.0.15]
	at org.eclipse.jetty.server.handler.ScopedHandler.nextScope(ScopedHandler.java:178) ~[jetty-server-11.0.15.jar:11.0.15]
	at org.eclipse.jetty.server.handler.ContextHandler.doScope(ContextHandler.java:1303) ~[jetty-server-11.0.15.jar:11.0.15]
	at org.eclipse.jetty.server.handler.ScopedHandler.handle(ScopedHandler.java:129) ~[jetty-server-11.0.15.jar:11.0.15]
	at org.eclipse.jetty.server.handler.ContextHandlerCollection.handle(ContextHandlerCollection.java:149) ~[jetty-server-11.0.15.jar:11.0.15]
	at org.eclipse.jetty.server.handler.HandlerWrapper.handle(HandlerWrapper.java:122) ~[jetty-server-11.0.15.jar:11.0.15]
	at org.eclipse.jetty.server.Server.handle(Server.java:563) ~[jetty-server-11.0.15.jar:11.0.15]
	at org.eclipse.jetty.server.HttpChannel.lambda$handle$0(HttpChannel.java:505) ~[jetty-server-11.0.15.jar:11.0.15]
	at org.eclipse.jetty.server.HttpChannel.dispatch(HttpChannel.java:762) ~[jetty-server-11.0.15.jar:11.0.15]
	at org.eclipse.jetty.server.HttpChannel.handle(HttpChannel.java:497) ~[jetty-server-11.0.15.jar:11.0.15]
	at org.eclipse.jetty.server.HttpConnection.onFillable(HttpConnection.java:282) ~[jetty-server-11.0.15.jar:11.0.15]
	at org.eclipse.jetty.io.AbstractConnection$ReadCallback.succeeded(AbstractConnection.java:314) ~[jetty-io-11.0.15.jar:11.0.15]
	at org.eclipse.jetty.io.FillInterest.fillable(FillInterest.java:100) ~[jetty-io-11.0.15.jar:11.0.15]
	at org.eclipse.jetty.io.SelectableChannelEndPoint$1.run(SelectableChannelEndPoint.java:53) ~[jetty-io-11.0.15.jar:11.0.15]
	at org.eclipse.jetty.util.thread.strategy.AdaptiveExecutionStrategy.runTask(AdaptiveExecutionStrategy.java:416) ~[jetty-util-11.0.15.jar:11.0.15]
	at org.eclipse.jetty.util.thread.strategy.AdaptiveExecutionStrategy.consumeTask(AdaptiveExecutionStrategy.java:385) ~[jetty-util-11.0.15.jar:11.0.15]
	at org.eclipse.jetty.util.thread.strategy.AdaptiveExecutionStrategy.tryProduce(AdaptiveExecutionStrategy.java:272) ~[jetty-util-11.0.15.jar:11.0.15]
	at org.eclipse.jetty.util.thread.strategy.AdaptiveExecutionStrategy.produce(AdaptiveExecutionStrategy.java:194) ~[jetty-util-11.0.15.jar:11.0.15]
	at org.eclipse.jetty.util.thread.QueuedThreadPool.runJob(QueuedThreadPool.java:969) ~[jetty-util-11.0.15.jar:11.0.15]
	at org.eclipse.jetty.util.thread.QueuedThreadPool$Runner.doRunJob(QueuedThreadPool.java:1194) ~[jetty-util-11.0.15.jar:11.0.15]
	at org.eclipse.jetty.util.thread.QueuedThreadPool$Runner.run(QueuedThreadPool.java:1149) ~[jetty-util-11.0.15.jar:11.0.15]
	at java.base/java.lang.Thread.run(Thread.java:1623) ~[na:na]

2023-07-17T14:43:23.743+01:00  INFO 91986 --- [tp1652372991-32] c.a.s.d.l.s.LocalDynamoDBServerHandler   : [Request] header name: Authorization : value: AWS4-HMAC-SHA256 Credential=key/20230717/${amazon.dynamodb.region/dynamodb/aws4_request, SignedHeaders=amz-sdk-invocation-id;amz-sdk-request;amz-sdk-retry;content-length;content-type;host;user-agent;x-amz-date;x-amz-target, Signature=efe9140fe136089bf26caa10fc586aa95a1f9c3f20fbf72ed9ea56cb59c5f486
header name: X-Amz-Date : value: 20230717T134323Z
header name: User-Agent : value: aws-sdk-java/1.12.472 Mac_OS_X/13.4.1 OpenJDK_64-Bit_Server_VM/20.0.1 java/20.0.1 kotlin/1.6.21 vendor/Homebrew cfg/retry-mode/legacy
header name: Connection : value: keep-alive
header name: Host : value: localhost:8000
header name: amz-sdk-invocation-id : value: 6b269eb2-80a6-ea98-70a7-3b1f666b381c
header name: amz-sdk-request : value: ttl=20230717T134413Z;attempt=2;max=11
header name: amz-sdk-retry : value: 1/11/495
header name: Content-Length : value: 143
header name: X-Amz-Target : value: DynamoDB_20120810.CreateTable
header name: Content-Type : value: application/x-amz-json-1.0
request body: {"AttributeDefinitions":[{"AttributeName":"id","AttributeType":"S"}],"TableName":"Email","KeySchema":[{"AttributeName":"id","KeyType":"HASH"}]}

2023-07-17T14:43:23.743+01:00  INFO 91986 --- [tp1652372991-32] c.a.s.d.l.s.LocalDynamoDBServerHandler   : [Response] header name: x-amzn-RequestId : value: 76a91544-52c0-4c60-9afd-648eee1c17ec
header name: Date : value: Mon, 17 Jul 2023 13:43:23 GMT
header name: Content-Type : value: application/x-amz-json-1.0
status: 500
response body: {"__type":"com.amazonaws.dynamodb.v20120810#InternalFailure","Message":"The request processing has failed because of an unknown error, exception or failure."}

2023-07-17T14:43:23.783+01:00  INFO 91986 --- [tp1652372991-35] c.a.s.d.l.s.LocalDynamoDBServerHandler   : accessKey: key	
2023-07-17T14:43:23.783+01:00  INFO 91986 --- [tp1652372991-35] c.a.s.d.l.s.LocalDynamoDBServerHandler   : target: CreateTable
2023-07-17T14:43:23.786+01:00  WARN 91986 --- [  SQLiteQueue[]] com.almworks.sqlite4java                 : [sqlite] cannot open DB[3]: com.almworks.sqlite4java.SQLiteException: [-91] cannot load library: com.almworks.sqlite4java.SQLiteException: [-91] sqlite4java cannot find native library
2023-07-17T14:43:23.787+01:00 ERROR 91986 --- [  SQLiteQueue[]] com.almworks.sqlite4java                 : [sqlite] SQLiteQueue[]: error running job queue

com.almworks.sqlite4java.SQLiteException: [-91] cannot load library: com.almworks.sqlite4java.SQLiteException: [-91] sqlite4java cannot find native library
	at com.almworks.sqlite4java.SQLite.loadLibrary(SQLite.java:97) ~[sqlite4java-1.0.392.jar:392]
	at com.almworks.sqlite4java.SQLiteConnection.open0(SQLiteConnection.java:1441) ~[sqlite4java-1.0.392.jar:392]
	at com.almworks.sqlite4java.SQLiteConnection.open(SQLiteConnection.java:282) ~[sqlite4java-1.0.392.jar:392]
	at com.almworks.sqlite4java.SQLiteConnection.open(SQLiteConnection.java:293) ~[sqlite4java-1.0.392.jar:392]
	at com.almworks.sqlite4java.SQLiteQueue.openConnection(SQLiteQueue.java:464) ~[sqlite4java-1.0.392.jar:392]
	at com.almworks.sqlite4java.SQLiteQueue.queueFunction(SQLiteQueue.java:641) ~[sqlite4java-1.0.392.jar:392]
	at com.almworks.sqlite4java.SQLiteQueue.runQueue(SQLiteQueue.java:623) ~[sqlite4java-1.0.392.jar:392]
	at com.almworks.sqlite4java.SQLiteQueue.access$000(SQLiteQueue.java:77) ~[sqlite4java-1.0.392.jar:392]
	at com.almworks.sqlite4java.SQLiteQueue$1.run(SQLiteQueue.java:205) ~[sqlite4java-1.0.392.jar:392]
	at java.base/java.lang.Thread.run(Thread.java:1623) ~[na:na]
Caused by: com.almworks.sqlite4java.SQLiteException: [-91] sqlite4java cannot find native library
	at com.almworks.sqlite4java.Internal.loadLibraryX(Internal.java:136) ~[sqlite4java-1.0.392.jar:392]
	at com.almworks.sqlite4java.SQLite.loadLibrary(SQLite.java:95) ~[sqlite4java-1.0.392.jar:392]
	... 9 common frames omitted

2023-07-17T14:43:23.787+01:00 ERROR 91986 --- [  SQLiteQueue[]] com.almworks.sqlite4java                 : [sqlite] SQLiteQueue[]: stopped abnormally, reincarnation is not possible for in-memory database
2023-07-17T14:43:23.788+01:00 ERROR 91986 --- [tp1652372991-35] c.a.s.d.l.s.LocalDynamoDBServerHandler   : Unexpected exception occured

java.lang.NullPointerException: Cannot invoke "java.lang.Long.longValue()" because "lastStoredSequenceNumber" is null
	at com.amazonaws.services.dynamodbv2.local.shared.access.sqlite.SQLiteDBAccess.initializeMetadataTables(SQLiteDBAccess.java:461) ~[DynamoDBLocal-2.0.0.jar:na]
	at com.amazonaws.services.dynamodbv2.local.shared.access.sqlite.SQLiteDBAccess.<init>(SQLiteDBAccess.java:248) ~[DynamoDBLocal-2.0.0.jar:na]
	at com.amazonaws.services.dynamodbv2.local.shared.access.sqlite.SQLiteDBAccess.<init>(SQLiteDBAccess.java:217) ~[DynamoDBLocal-2.0.0.jar:na]
	at com.amazonaws.services.dynamodbv2.local.server.LocalDynamoDBRequestHandler.getDBAccess(LocalDynamoDBRequestHandler.java:208) ~[DynamoDBLocal-2.0.0.jar:na]
	at com.amazonaws.services.dynamodbv2.local.server.LocalDynamoDBRequestHandler.getHandler(LocalDynamoDBRequestHandler.java:199) ~[DynamoDBLocal-2.0.0.jar:na]
	at com.amazonaws.services.dynamodbv2.local.server.LocalDynamoDBRequestHandler.createTable(LocalDynamoDBRequestHandler.java:252) ~[DynamoDBLocal-2.0.0.jar:na]
	at com.amazonaws.services.dynamodbv2.local.dispatchers.CreateTableDispatcher.enact(CreateTableDispatcher.java:18) ~[DynamoDBLocal-2.0.0.jar:na]
	at com.amazonaws.services.dynamodbv2.local.dispatchers.CreateTableDispatcher.enact(CreateTableDispatcher.java:12) ~[DynamoDBLocal-2.0.0.jar:na]
	at com.amazonaws.services.dynamodbv2.local.server.LocalDynamoDBServerHandler.packageDynamoDBResponse(LocalDynamoDBServerHandler.java:407) ~[DynamoDBLocal-2.0.0.jar:na]
	at com.amazonaws.services.dynamodbv2.local.server.LocalDynamoDBServerHandler.handle(LocalDynamoDBServerHandler.java:496) ~[DynamoDBLocal-2.0.0.jar:na]
	at org.eclipse.jetty.server.handler.HandlerWrapper.handle(HandlerWrapper.java:122) ~[jetty-server-11.0.15.jar:11.0.15]
	at org.eclipse.jetty.server.handler.ScopedHandler.nextHandle(ScopedHandler.java:223) ~[jetty-server-11.0.15.jar:11.0.15]
	at org.eclipse.jetty.server.handler.ContextHandler.doHandle(ContextHandler.java:1381) ~[jetty-server-11.0.15.jar:11.0.15]
	at org.eclipse.jetty.server.handler.ScopedHandler.nextScope(ScopedHandler.java:178) ~[jetty-server-11.0.15.jar:11.0.15]
	at org.eclipse.jetty.server.handler.ContextHandler.doScope(ContextHandler.java:1303) ~[jetty-server-11.0.15.jar:11.0.15]
	at org.eclipse.jetty.server.handler.ScopedHandler.handle(ScopedHandler.java:129) ~[jetty-server-11.0.15.jar:11.0.15]
	at org.eclipse.jetty.server.handler.ContextHandlerCollection.handle(ContextHandlerCollection.java:149) ~[jetty-server-11.0.15.jar:11.0.15]
	at org.eclipse.jetty.server.handler.HandlerWrapper.handle(HandlerWrapper.java:122) ~[jetty-server-11.0.15.jar:11.0.15]
	at org.eclipse.jetty.server.Server.handle(Server.java:563) ~[jetty-server-11.0.15.jar:11.0.15]
	at org.eclipse.jetty.server.HttpChannel.lambda$handle$0(HttpChannel.java:505) ~[jetty-server-11.0.15.jar:11.0.15]
	at org.eclipse.jetty.server.HttpChannel.dispatch(HttpChannel.java:762) ~[jetty-server-11.0.15.jar:11.0.15]
	at org.eclipse.jetty.server.HttpChannel.handle(HttpChannel.java:497) ~[jetty-server-11.0.15.jar:11.0.15]
	at org.eclipse.jetty.server.HttpConnection.onFillable(HttpConnection.java:282) ~[jetty-server-11.0.15.jar:11.0.15]
	at org.eclipse.jetty.io.AbstractConnection$ReadCallback.succeeded(AbstractConnection.java:314) ~[jetty-io-11.0.15.jar:11.0.15]
	at org.eclipse.jetty.io.FillInterest.fillable(FillInterest.java:100) ~[jetty-io-11.0.15.jar:11.0.15]
	at org.eclipse.jetty.io.SelectableChannelEndPoint$1.run(SelectableChannelEndPoint.java:53) ~[jetty-io-11.0.15.jar:11.0.15]
	at org.eclipse.jetty.util.thread.strategy.AdaptiveExecutionStrategy.runTask(AdaptiveExecutionStrategy.java:416) ~[jetty-util-11.0.15.jar:11.0.15]
	at org.eclipse.jetty.util.thread.strategy.AdaptiveExecutionStrategy.consumeTask(AdaptiveExecutionStrategy.java:385) ~[jetty-util-11.0.15.jar:11.0.15]
	at org.eclipse.jetty.util.thread.strategy.AdaptiveExecutionStrategy.tryProduce(AdaptiveExecutionStrategy.java:272) ~[jetty-util-11.0.15.jar:11.0.15]
	at org.eclipse.jetty.util.thread.strategy.AdaptiveExecutionStrategy.lambda$new$0(AdaptiveExecutionStrategy.java:140) ~[jetty-util-11.0.15.jar:11.0.15]
	at org.eclipse.jetty.util.thread.ReservedThreadExecutor$ReservedThread.run(ReservedThreadExecutor.java:411) ~[jetty-util-11.0.15.jar:11.0.15]
	at org.eclipse.jetty.util.thread.QueuedThreadPool.runJob(QueuedThreadPool.java:969) ~[jetty-util-11.0.15.jar:11.0.15]
	at org.eclipse.jetty.util.thread.QueuedThreadPool$Runner.doRunJob(QueuedThreadPool.java:1194) ~[jetty-util-11.0.15.jar:11.0.15]
	at org.eclipse.jetty.util.thread.QueuedThreadPool$Runner.run(QueuedThreadPool.java:1149) ~[jetty-util-11.0.15.jar:11.0.15]
	at java.base/java.lang.Thread.run(Thread.java:1623) ~[na:na]

2023-07-17T14:43:23.789+01:00  INFO 91986 --- [tp1652372991-35] c.a.s.d.l.s.LocalDynamoDBServerHandler   : [Request] header name: Authorization : value: AWS4-HMAC-SHA256 Credential=key/20230717/${amazon.dynamodb.region/dynamodb/aws4_request, SignedHeaders=amz-sdk-invocation-id;amz-sdk-request;amz-sdk-retry;content-length;content-type;host;user-agent;x-amz-date;x-amz-target, Signature=0b4c5a7399d2031148a4f94d494d9b1d3ef65466bf6205ed8070e6901c8303b0
header name: X-Amz-Date : value: 20230717T134323Z
header name: User-Agent : value: aws-sdk-java/1.12.472 Mac_OS_X/13.4.1 OpenJDK_64-Bit_Server_VM/20.0.1 java/20.0.1 kotlin/1.6.21 vendor/Homebrew cfg/retry-mode/legacy
header name: Connection : value: keep-alive
header name: Host : value: localhost:8000
header name: amz-sdk-invocation-id : value: 6b269eb2-80a6-ea98-70a7-3b1f666b381c
header name: amz-sdk-request : value: ttl=20230717T134413Z;attempt=3;max=11
header name: amz-sdk-retry : value: 2/32/490
header name: Content-Length : value: 143
header name: X-Amz-Target : value: DynamoDB_20120810.CreateTable
header name: Content-Type : value: application/x-amz-json-1.0
request body: {"AttributeDefinitions":[{"AttributeName":"id","AttributeType":"S"}],"TableName":"Email","KeySchema":[{"AttributeName":"id","KeyType":"HASH"}]}

2023-07-17T14:43:23.790+01:00  INFO 91986 --- [tp1652372991-35] c.a.s.d.l.s.LocalDynamoDBServerHandler   : [Response] header name: x-amzn-RequestId : value: b3990d99-00ab-47a9-a8d9-fbb48ad27c36
header name: Date : value: Mon, 17 Jul 2023 13:43:23 GMT
header name: Content-Type : value: application/x-amz-json-1.0
status: 500
response body: {"__type":"com.amazonaws.dynamodb.v20120810#InternalFailure","Message":"The request processing has failed because of an unknown error, exception or failure."}

2023-07-17T14:43:23.833+01:00  INFO 91986 --- [tp1652372991-37] c.a.s.d.l.s.LocalDynamoDBServerHandler   : accessKey: key	
2023-07-17T14:43:23.833+01:00  INFO 91986 --- [tp1652372991-37] c.a.s.d.l.s.LocalDynamoDBServerHandler   : target: CreateTable
2023-07-17T14:43:23.836+01:00  WARN 91986 --- [  SQLiteQueue[]] com.almworks.sqlite4java                 : [sqlite] cannot open DB[4]: com.almworks.sqlite4java.SQLiteException: [-91] cannot load library: com.almworks.sqlite4java.SQLiteException: [-91] sqlite4java cannot find native library
2023-07-17T14:43:23.836+01:00 ERROR 91986 --- [  SQLiteQueue[]] com.almworks.sqlite4java                 : [sqlite] SQLiteQueue[]: error running job queue

com.almworks.sqlite4java.SQLiteException: [-91] cannot load library: com.almworks.sqlite4java.SQLiteException: [-91] sqlite4java cannot find native library
	at com.almworks.sqlite4java.SQLite.loadLibrary(SQLite.java:97) ~[sqlite4java-1.0.392.jar:392]
	at com.almworks.sqlite4java.SQLiteConnection.open0(SQLiteConnection.java:1441) ~[sqlite4java-1.0.392.jar:392]
	at com.almworks.sqlite4java.SQLiteConnection.open(SQLiteConnection.java:282) ~[sqlite4java-1.0.392.jar:392]
	at com.almworks.sqlite4java.SQLiteConnection.open(SQLiteConnection.java:293) ~[sqlite4java-1.0.392.jar:392]
	at com.almworks.sqlite4java.SQLiteQueue.openConnection(SQLiteQueue.java:464) ~[sqlite4java-1.0.392.jar:392]
	at com.almworks.sqlite4java.SQLiteQueue.queueFunction(SQLiteQueue.java:641) ~[sqlite4java-1.0.392.jar:392]
	at com.almworks.sqlite4java.SQLiteQueue.runQueue(SQLiteQueue.java:623) ~[sqlite4java-1.0.392.jar:392]
	at com.almworks.sqlite4java.SQLiteQueue.access$000(SQLiteQueue.java:77) ~[sqlite4java-1.0.392.jar:392]
	at com.almworks.sqlite4java.SQLiteQueue$1.run(SQLiteQueue.java:205) ~[sqlite4java-1.0.392.jar:392]
	at java.base/java.lang.Thread.run(Thread.java:1623) ~[na:na]
Caused by: com.almworks.sqlite4java.SQLiteException: [-91] sqlite4java cannot find native library
	at com.almworks.sqlite4java.Internal.loadLibraryX(Internal.java:136) ~[sqlite4java-1.0.392.jar:392]
	at com.almworks.sqlite4java.SQLite.loadLibrary(SQLite.java:95) ~[sqlite4java-1.0.392.jar:392]
	... 9 common frames omitted

2023-07-17T14:43:23.837+01:00 ERROR 91986 --- [  SQLiteQueue[]] com.almworks.sqlite4java                 : [sqlite] SQLiteQueue[]: stopped abnormally, reincarnation is not possible for in-memory database
2023-07-17T14:43:23.837+01:00 ERROR 91986 --- [tp1652372991-37] c.a.s.d.l.s.LocalDynamoDBServerHandler   : Unexpected exception occured

java.lang.NullPointerException: Cannot invoke "java.lang.Long.longValue()" because "lastStoredSequenceNumber" is null
	at com.amazonaws.services.dynamodbv2.local.shared.access.sqlite.SQLiteDBAccess.initializeMetadataTables(SQLiteDBAccess.java:461) ~[DynamoDBLocal-2.0.0.jar:na]
	at com.amazonaws.services.dynamodbv2.local.shared.access.sqlite.SQLiteDBAccess.<init>(SQLiteDBAccess.java:248) ~[DynamoDBLocal-2.0.0.jar:na]
	at com.amazonaws.services.dynamodbv2.local.shared.access.sqlite.SQLiteDBAccess.<init>(SQLiteDBAccess.java:217) ~[DynamoDBLocal-2.0.0.jar:na]
	at com.amazonaws.services.dynamodbv2.local.server.LocalDynamoDBRequestHandler.getDBAccess(LocalDynamoDBRequestHandler.java:208) ~[DynamoDBLocal-2.0.0.jar:na]
	at com.amazonaws.services.dynamodbv2.local.server.LocalDynamoDBRequestHandler.getHandler(LocalDynamoDBRequestHandler.java:199) ~[DynamoDBLocal-2.0.0.jar:na]
	at com.amazonaws.services.dynamodbv2.local.server.LocalDynamoDBRequestHandler.createTable(LocalDynamoDBRequestHandler.java:252) ~[DynamoDBLocal-2.0.0.jar:na]
	at com.amazonaws.services.dynamodbv2.local.dispatchers.CreateTableDispatcher.enact(CreateTableDispatcher.java:18) ~[DynamoDBLocal-2.0.0.jar:na]
	at com.amazonaws.services.dynamodbv2.local.dispatchers.CreateTableDispatcher.enact(CreateTableDispatcher.java:12) ~[DynamoDBLocal-2.0.0.jar:na]
	at com.amazonaws.services.dynamodbv2.local.server.LocalDynamoDBServerHandler.packageDynamoDBResponse(LocalDynamoDBServerHandler.java:407) ~[DynamoDBLocal-2.0.0.jar:na]
	at com.amazonaws.services.dynamodbv2.local.server.LocalDynamoDBServerHandler.handle(LocalDynamoDBServerHandler.java:496) ~[DynamoDBLocal-2.0.0.jar:na]
	at org.eclipse.jetty.server.handler.HandlerWrapper.handle(HandlerWrapper.java:122) ~[jetty-server-11.0.15.jar:11.0.15]
	at org.eclipse.jetty.server.handler.ScopedHandler.nextHandle(ScopedHandler.java:223) ~[jetty-server-11.0.15.jar:11.0.15]
	at org.eclipse.jetty.server.handler.ContextHandler.doHandle(ContextHandler.java:1381) ~[jetty-server-11.0.15.jar:11.0.15]
	at org.eclipse.jetty.server.handler.ScopedHandler.nextScope(ScopedHandler.java:178) ~[jetty-server-11.0.15.jar:11.0.15]
	at org.eclipse.jetty.server.handler.ContextHandler.doScope(ContextHandler.java:1303) ~[jetty-server-11.0.15.jar:11.0.15]
	at org.eclipse.jetty.server.handler.ScopedHandler.handle(ScopedHandler.java:129) ~[jetty-server-11.0.15.jar:11.0.15]
	at org.eclipse.jetty.server.handler.ContextHandlerCollection.handle(ContextHandlerCollection.java:149) ~[jetty-server-11.0.15.jar:11.0.15]
	at org.eclipse.jetty.server.handler.HandlerWrapper.handle(HandlerWrapper.java:122) ~[jetty-server-11.0.15.jar:11.0.15]
	at org.eclipse.jetty.server.Server.handle(Server.java:563) ~[jetty-server-11.0.15.jar:11.0.15]
	at org.eclipse.jetty.server.HttpChannel.lambda$handle$0(HttpChannel.java:505) ~[jetty-server-11.0.15.jar:11.0.15]
	at org.eclipse.jetty.server.HttpChannel.dispatch(HttpChannel.java:762) ~[jetty-server-11.0.15.jar:11.0.15]
	at org.eclipse.jetty.server.HttpChannel.handle(HttpChannel.java:497) ~[jetty-server-11.0.15.jar:11.0.15]
	at org.eclipse.jetty.server.HttpConnection.onFillable(HttpConnection.java:282) ~[jetty-server-11.0.15.jar:11.0.15]
	at org.eclipse.jetty.io.AbstractConnection$ReadCallback.succeeded(AbstractConnection.java:314) ~[jetty-io-11.0.15.jar:11.0.15]
	at org.eclipse.jetty.io.FillInterest.fillable(FillInterest.java:100) ~[jetty-io-11.0.15.jar:11.0.15]
	at org.eclipse.jetty.io.SelectableChannelEndPoint$1.run(SelectableChannelEndPoint.java:53) ~[jetty-io-11.0.15.jar:11.0.15]
	at org.eclipse.jetty.util.thread.strategy.AdaptiveExecutionStrategy.runTask(AdaptiveExecutionStrategy.java:416) ~[jetty-util-11.0.15.jar:11.0.15]
	at org.eclipse.jetty.util.thread.strategy.AdaptiveExecutionStrategy.consumeTask(AdaptiveExecutionStrategy.java:385) ~[jetty-util-11.0.15.jar:11.0.15]
	at org.eclipse.jetty.util.thread.strategy.AdaptiveExecutionStrategy.tryProduce(AdaptiveExecutionStrategy.java:272) ~[jetty-util-11.0.15.jar:11.0.15]
	at org.eclipse.jetty.util.thread.strategy.AdaptiveExecutionStrategy.lambda$new$0(AdaptiveExecutionStrategy.java:140) ~[jetty-util-11.0.15.jar:11.0.15]
	at org.eclipse.jetty.util.thread.ReservedThreadExecutor$ReservedThread.run(ReservedThreadExecutor.java:411) ~[jetty-util-11.0.15.jar:11.0.15]
	at org.eclipse.jetty.util.thread.QueuedThreadPool.runJob(QueuedThreadPool.java:969) ~[jetty-util-11.0.15.jar:11.0.15]
	at org.eclipse.jetty.util.thread.QueuedThreadPool$Runner.doRunJob(QueuedThreadPool.java:1194) ~[jetty-util-11.0.15.jar:11.0.15]
	at org.eclipse.jetty.util.thread.QueuedThreadPool$Runner.run(QueuedThreadPool.java:1149) ~[jetty-util-11.0.15.jar:11.0.15]
	at java.base/java.lang.Thread.run(Thread.java:1623) ~[na:na]

2023-07-17T14:43:23.838+01:00  INFO 91986 --- [tp1652372991-37] c.a.s.d.l.s.LocalDynamoDBServerHandler   : [Request] header name: Authorization : value: AWS4-HMAC-SHA256 Credential=key/20230717/${amazon.dynamodb.region/dynamodb/aws4_request, SignedHeaders=amz-sdk-invocation-id;amz-sdk-request;amz-sdk-retry;content-length;content-type;host;user-agent;x-amz-date;x-amz-target, Signature=a1749b54263878ed91bb9c6df652f231fdc126ebbf702f4645e1302632e3aa8b
header name: X-Amz-Date : value: 20230717T134323Z
header name: User-Agent : value: aws-sdk-java/1.12.472 Mac_OS_X/13.4.1 OpenJDK_64-Bit_Server_VM/20.0.1 java/20.0.1 kotlin/1.6.21 vendor/Homebrew cfg/retry-mode/legacy
header name: Connection : value: keep-alive
header name: Host : value: localhost:8000
header name: amz-sdk-invocation-id : value: 6b269eb2-80a6-ea98-70a7-3b1f666b381c
header name: amz-sdk-request : value: ttl=20230717T134413Z;attempt=4;max=11
header name: amz-sdk-retry : value: 3/35/485
header name: Content-Length : value: 143
header name: X-Amz-Target : value: DynamoDB_20120810.CreateTable
header name: Content-Type : value: application/x-amz-json-1.0
request body: {"AttributeDefinitions":[{"AttributeName":"id","AttributeType":"S"}],"TableName":"Email","KeySchema":[{"AttributeName":"id","KeyType":"HASH"}]}

2023-07-17T14:43:23.838+01:00  INFO 91986 --- [tp1652372991-37] c.a.s.d.l.s.LocalDynamoDBServerHandler   : [Response] header name: x-amzn-RequestId : value: 50132869-143a-4b33-8a3d-f77cde43445b
header name: Date : value: Mon, 17 Jul 2023 13:43:23 GMT
header name: Content-Type : value: application/x-amz-json-1.0
status: 500
response body: {"__type":"com.amazonaws.dynamodb.v20120810#InternalFailure","Message":"The request processing has failed because of an unknown error, exception or failure."}

2023-07-17T14:43:23.857+01:00  INFO 91986 --- [tp1652372991-35] c.a.s.d.l.s.LocalDynamoDBServerHandler   : accessKey: key	
2023-07-17T14:43:23.857+01:00  INFO 91986 --- [tp1652372991-35] c.a.s.d.l.s.LocalDynamoDBServerHandler   : target: CreateTable
2023-07-17T14:43:23.859+01:00  WARN 91986 --- [  SQLiteQueue[]] com.almworks.sqlite4java                 : [sqlite] cannot open DB[5]: com.almworks.sqlite4java.SQLiteException: [-91] cannot load library: com.almworks.sqlite4java.SQLiteException: [-91] sqlite4java cannot find native library
2023-07-17T14:43:23.860+01:00 ERROR 91986 --- [  SQLiteQueue[]] com.almworks.sqlite4java                 : [sqlite] SQLiteQueue[]: error running job queue

com.almworks.sqlite4java.SQLiteException: [-91] cannot load library: com.almworks.sqlite4java.SQLiteException: [-91] sqlite4java cannot find native library
	at com.almworks.sqlite4java.SQLite.loadLibrary(SQLite.java:97) ~[sqlite4java-1.0.392.jar:392]
	at com.almworks.sqlite4java.SQLiteConnection.open0(SQLiteConnection.java:1441) ~[sqlite4java-1.0.392.jar:392]
	at com.almworks.sqlite4java.SQLiteConnection.open(SQLiteConnection.java:282) ~[sqlite4java-1.0.392.jar:392]
	at com.almworks.sqlite4java.SQLiteConnection.open(SQLiteConnection.java:293) ~[sqlite4java-1.0.392.jar:392]
	at com.almworks.sqlite4java.SQLiteQueue.openConnection(SQLiteQueue.java:464) ~[sqlite4java-1.0.392.jar:392]
	at com.almworks.sqlite4java.SQLiteQueue.queueFunction(SQLiteQueue.java:641) ~[sqlite4java-1.0.392.jar:392]
	at com.almworks.sqlite4java.SQLiteQueue.runQueue(SQLiteQueue.java:623) ~[sqlite4java-1.0.392.jar:392]
	at com.almworks.sqlite4java.SQLiteQueue.access$000(SQLiteQueue.java:77) ~[sqlite4java-1.0.392.jar:392]
	at com.almworks.sqlite4java.SQLiteQueue$1.run(SQLiteQueue.java:205) ~[sqlite4java-1.0.392.jar:392]
	at java.base/java.lang.Thread.run(Thread.java:1623) ~[na:na]
Caused by: com.almworks.sqlite4java.SQLiteException: [-91] sqlite4java cannot find native library
	at com.almworks.sqlite4java.Internal.loadLibraryX(Internal.java:136) ~[sqlite4java-1.0.392.jar:392]
	at com.almworks.sqlite4java.SQLite.loadLibrary(SQLite.java:95) ~[sqlite4java-1.0.392.jar:392]
	... 9 common frames omitted

2023-07-17T14:43:23.860+01:00 ERROR 91986 --- [  SQLiteQueue[]] com.almworks.sqlite4java                 : [sqlite] SQLiteQueue[]: stopped abnormally, reincarnation is not possible for in-memory database
2023-07-17T14:43:23.860+01:00 ERROR 91986 --- [tp1652372991-35] c.a.s.d.l.s.LocalDynamoDBServerHandler   : Unexpected exception occured

java.lang.NullPointerException: Cannot invoke "java.lang.Long.longValue()" because "lastStoredSequenceNumber" is null
	at com.amazonaws.services.dynamodbv2.local.shared.access.sqlite.SQLiteDBAccess.initializeMetadataTables(SQLiteDBAccess.java:461) ~[DynamoDBLocal-2.0.0.jar:na]
	at com.amazonaws.services.dynamodbv2.local.shared.access.sqlite.SQLiteDBAccess.<init>(SQLiteDBAccess.java:248) ~[DynamoDBLocal-2.0.0.jar:na]
	at com.amazonaws.services.dynamodbv2.local.shared.access.sqlite.SQLiteDBAccess.<init>(SQLiteDBAccess.java:217) ~[DynamoDBLocal-2.0.0.jar:na]
	at com.amazonaws.services.dynamodbv2.local.server.LocalDynamoDBRequestHandler.getDBAccess(LocalDynamoDBRequestHandler.java:208) ~[DynamoDBLocal-2.0.0.jar:na]
	at com.amazonaws.services.dynamodbv2.local.server.LocalDynamoDBRequestHandler.getHandler(LocalDynamoDBRequestHandler.java:199) ~[DynamoDBLocal-2.0.0.jar:na]
	at com.amazonaws.services.dynamodbv2.local.server.LocalDynamoDBRequestHandler.createTable(LocalDynamoDBRequestHandler.java:252) ~[DynamoDBLocal-2.0.0.jar:na]
	at com.amazonaws.services.dynamodbv2.local.dispatchers.CreateTableDispatcher.enact(CreateTableDispatcher.java:18) ~[DynamoDBLocal-2.0.0.jar:na]
	at com.amazonaws.services.dynamodbv2.local.dispatchers.CreateTableDispatcher.enact(CreateTableDispatcher.java:12) ~[DynamoDBLocal-2.0.0.jar:na]
	at com.amazonaws.services.dynamodbv2.local.server.LocalDynamoDBServerHandler.packageDynamoDBResponse(LocalDynamoDBServerHandler.java:407) ~[DynamoDBLocal-2.0.0.jar:na]
	at com.amazonaws.services.dynamodbv2.local.server.LocalDynamoDBServerHandler.handle(LocalDynamoDBServerHandler.java:496) ~[DynamoDBLocal-2.0.0.jar:na]
	at org.eclipse.jetty.server.handler.HandlerWrapper.handle(HandlerWrapper.java:122) ~[jetty-server-11.0.15.jar:11.0.15]
	at org.eclipse.jetty.server.handler.ScopedHandler.nextHandle(ScopedHandler.java:223) ~[jetty-server-11.0.15.jar:11.0.15]
	at org.eclipse.jetty.server.handler.ContextHandler.doHandle(ContextHandler.java:1381) ~[jetty-server-11.0.15.jar:11.0.15]
	at org.eclipse.jetty.server.handler.ScopedHandler.nextScope(ScopedHandler.java:178) ~[jetty-server-11.0.15.jar:11.0.15]
	at org.eclipse.jetty.server.handler.ContextHandler.doScope(ContextHandler.java:1303) ~[jetty-server-11.0.15.jar:11.0.15]
	at org.eclipse.jetty.server.handler.ScopedHandler.handle(ScopedHandler.java:129) ~[jetty-server-11.0.15.jar:11.0.15]
	at org.eclipse.jetty.server.handler.ContextHandlerCollection.handle(ContextHandlerCollection.java:149) ~[jetty-server-11.0.15.jar:11.0.15]
	at org.eclipse.jetty.server.handler.HandlerWrapper.handle(HandlerWrapper.java:122) ~[jetty-server-11.0.15.jar:11.0.15]
	at org.eclipse.jetty.server.Server.handle(Server.java:563) ~[jetty-server-11.0.15.jar:11.0.15]
	at org.eclipse.jetty.server.HttpChannel.lambda$handle$0(HttpChannel.java:505) ~[jetty-server-11.0.15.jar:11.0.15]
	at org.eclipse.jetty.server.HttpChannel.dispatch(HttpChannel.java:762) ~[jetty-server-11.0.15.jar:11.0.15]
	at org.eclipse.jetty.server.HttpChannel.handle(HttpChannel.java:497) ~[jetty-server-11.0.15.jar:11.0.15]
	at org.eclipse.jetty.server.HttpConnection.onFillable(HttpConnection.java:282) ~[jetty-server-11.0.15.jar:11.0.15]
	at org.eclipse.jetty.io.AbstractConnection$ReadCallback.succeeded(AbstractConnection.java:314) ~[jetty-io-11.0.15.jar:11.0.15]
	at org.eclipse.jetty.io.FillInterest.fillable(FillInterest.java:100) ~[jetty-io-11.0.15.jar:11.0.15]
	at org.eclipse.jetty.io.SelectableChannelEndPoint$1.run(SelectableChannelEndPoint.java:53) ~[jetty-io-11.0.15.jar:11.0.15]
	at org.eclipse.jetty.util.thread.strategy.AdaptiveExecutionStrategy.runTask(AdaptiveExecutionStrategy.java:416) ~[jetty-util-11.0.15.jar:11.0.15]
	at org.eclipse.jetty.util.thread.strategy.AdaptiveExecutionStrategy.consumeTask(AdaptiveExecutionStrategy.java:385) ~[jetty-util-11.0.15.jar:11.0.15]
	at org.eclipse.jetty.util.thread.strategy.AdaptiveExecutionStrategy.tryProduce(AdaptiveExecutionStrategy.java:272) ~[jetty-util-11.0.15.jar:11.0.15]
	at org.eclipse.jetty.util.thread.strategy.AdaptiveExecutionStrategy.lambda$new$0(AdaptiveExecutionStrategy.java:140) ~[jetty-util-11.0.15.jar:11.0.15]
	at org.eclipse.jetty.util.thread.ReservedThreadExecutor$ReservedThread.run(ReservedThreadExecutor.java:411) ~[jetty-util-11.0.15.jar:11.0.15]
	at org.eclipse.jetty.util.thread.QueuedThreadPool.runJob(QueuedThreadPool.java:969) ~[jetty-util-11.0.15.jar:11.0.15]
	at org.eclipse.jetty.util.thread.QueuedThreadPool$Runner.doRunJob(QueuedThreadPool.java:1194) ~[jetty-util-11.0.15.jar:11.0.15]
	at org.eclipse.jetty.util.thread.QueuedThreadPool$Runner.run(QueuedThreadPool.java:1149) ~[jetty-util-11.0.15.jar:11.0.15]
	at java.base/java.lang.Thread.run(Thread.java:1623) ~[na:na]

2023-07-17T14:43:23.862+01:00  INFO 91986 --- [tp1652372991-35] c.a.s.d.l.s.LocalDynamoDBServerHandler   : [Request] header name: Authorization : value: AWS4-HMAC-SHA256 Credential=key/20230717/${amazon.dynamodb.region/dynamodb/aws4_request, SignedHeaders=amz-sdk-invocation-id;amz-sdk-request;amz-sdk-retry;content-length;content-type;host;user-agent;x-amz-date;x-amz-target, Signature=46c73cc3bfddd43dac01e780232b8424b0b110eb6c0e87e881ccdddbe61209d6
header name: X-Amz-Date : value: 20230717T134323Z
header name: User-Agent : value: aws-sdk-java/1.12.472 Mac_OS_X/13.4.1 OpenJDK_64-Bit_Server_VM/20.0.1 java/20.0.1 kotlin/1.6.21 vendor/Homebrew cfg/retry-mode/legacy
header name: Connection : value: keep-alive
header name: Host : value: localhost:8000
header name: amz-sdk-invocation-id : value: 6b269eb2-80a6-ea98-70a7-3b1f666b381c
header name: amz-sdk-request : value: ttl=20230717T134413Z;attempt=5;max=11
header name: amz-sdk-retry : value: 4/12/480
header name: Content-Length : value: 143
header name: X-Amz-Target : value: DynamoDB_20120810.CreateTable
header name: Content-Type : value: application/x-amz-json-1.0
request body: {"AttributeDefinitions":[{"AttributeName":"id","AttributeType":"S"}],"TableName":"Email","KeySchema":[{"AttributeName":"id","KeyType":"HASH"}]}

2023-07-17T14:43:23.862+01:00  INFO 91986 --- [tp1652372991-35] c.a.s.d.l.s.LocalDynamoDBServerHandler   : [Response] header name: x-amzn-RequestId : value: 88c946f0-c472-406b-a586-92a64d4835ad
header name: Date : value: Mon, 17 Jul 2023 13:43:23 GMT
header name: Content-Type : value: application/x-amz-json-1.0
status: 500
response body: {"__type":"com.amazonaws.dynamodb.v20120810#InternalFailure","Message":"The request processing has failed because of an unknown error, exception or failure."}

2023-07-17T14:43:24.255+01:00  INFO 91986 --- [tp1652372991-37] c.a.s.d.l.s.LocalDynamoDBServerHandler   : accessKey: key	
2023-07-17T14:43:24.256+01:00  INFO 91986 --- [tp1652372991-37] c.a.s.d.l.s.LocalDynamoDBServerHandler   : target: CreateTable
2023-07-17T14:43:24.262+01:00  WARN 91986 --- [  SQLiteQueue[]] com.almworks.sqlite4java                 : [sqlite] cannot open DB[6]: com.almworks.sqlite4java.SQLiteException: [-91] cannot load library: com.almworks.sqlite4java.SQLiteException: [-91] sqlite4java cannot find native library
2023-07-17T14:43:24.263+01:00 ERROR 91986 --- [  SQLiteQueue[]] com.almworks.sqlite4java                 : [sqlite] SQLiteQueue[]: error running job queue

com.almworks.sqlite4java.SQLiteException: [-91] cannot load library: com.almworks.sqlite4java.SQLiteException: [-91] sqlite4java cannot find native library
	at com.almworks.sqlite4java.SQLite.loadLibrary(SQLite.java:97) ~[sqlite4java-1.0.392.jar:392]
	at com.almworks.sqlite4java.SQLiteConnection.open0(SQLiteConnection.java:1441) ~[sqlite4java-1.0.392.jar:392]
	at com.almworks.sqlite4java.SQLiteConnection.open(SQLiteConnection.java:282) ~[sqlite4java-1.0.392.jar:392]
	at com.almworks.sqlite4java.SQLiteConnection.open(SQLiteConnection.java:293) ~[sqlite4java-1.0.392.jar:392]
	at com.almworks.sqlite4java.SQLiteQueue.openConnection(SQLiteQueue.java:464) ~[sqlite4java-1.0.392.jar:392]
	at com.almworks.sqlite4java.SQLiteQueue.queueFunction(SQLiteQueue.java:641) ~[sqlite4java-1.0.392.jar:392]
	at com.almworks.sqlite4java.SQLiteQueue.runQueue(SQLiteQueue.java:623) ~[sqlite4java-1.0.392.jar:392]
	at com.almworks.sqlite4java.SQLiteQueue.access$000(SQLiteQueue.java:77) ~[sqlite4java-1.0.392.jar:392]
	at com.almworks.sqlite4java.SQLiteQueue$1.run(SQLiteQueue.java:205) ~[sqlite4java-1.0.392.jar:392]
	at java.base/java.lang.Thread.run(Thread.java:1623) ~[na:na]
Caused by: com.almworks.sqlite4java.SQLiteException: [-91] sqlite4java cannot find native library
	at com.almworks.sqlite4java.Internal.loadLibraryX(Internal.java:136) ~[sqlite4java-1.0.392.jar:392]
	at com.almworks.sqlite4java.SQLite.loadLibrary(SQLite.java:95) ~[sqlite4java-1.0.392.jar:392]
	... 9 common frames omitted

2023-07-17T14:43:24.263+01:00 ERROR 91986 --- [  SQLiteQueue[]] com.almworks.sqlite4java                 : [sqlite] SQLiteQueue[]: stopped abnormally, reincarnation is not possible for in-memory database
2023-07-17T14:43:24.264+01:00 ERROR 91986 --- [tp1652372991-37] c.a.s.d.l.s.LocalDynamoDBServerHandler   : Unexpected exception occured

java.lang.NullPointerException: Cannot invoke "java.lang.Long.longValue()" because "lastStoredSequenceNumber" is null
	at com.amazonaws.services.dynamodbv2.local.shared.access.sqlite.SQLiteDBAccess.initializeMetadataTables(SQLiteDBAccess.java:461) ~[DynamoDBLocal-2.0.0.jar:na]
	at com.amazonaws.services.dynamodbv2.local.shared.access.sqlite.SQLiteDBAccess.<init>(SQLiteDBAccess.java:248) ~[DynamoDBLocal-2.0.0.jar:na]
	at com.amazonaws.services.dynamodbv2.local.shared.access.sqlite.SQLiteDBAccess.<init>(SQLiteDBAccess.java:217) ~[DynamoDBLocal-2.0.0.jar:na]
	at com.amazonaws.services.dynamodbv2.local.server.LocalDynamoDBRequestHandler.getDBAccess(LocalDynamoDBRequestHandler.java:208) ~[DynamoDBLocal-2.0.0.jar:na]
	at com.amazonaws.services.dynamodbv2.local.server.LocalDynamoDBRequestHandler.getHandler(LocalDynamoDBRequestHandler.java:199) ~[DynamoDBLocal-2.0.0.jar:na]
	at com.amazonaws.services.dynamodbv2.local.server.LocalDynamoDBRequestHandler.createTable(LocalDynamoDBRequestHandler.java:252) ~[DynamoDBLocal-2.0.0.jar:na]
	at com.amazonaws.services.dynamodbv2.local.dispatchers.CreateTableDispatcher.enact(CreateTableDispatcher.java:18) ~[DynamoDBLocal-2.0.0.jar:na]
	at com.amazonaws.services.dynamodbv2.local.dispatchers.CreateTableDispatcher.enact(CreateTableDispatcher.java:12) ~[DynamoDBLocal-2.0.0.jar:na]
	at com.amazonaws.services.dynamodbv2.local.server.LocalDynamoDBServerHandler.packageDynamoDBResponse(LocalDynamoDBServerHandler.java:407) ~[DynamoDBLocal-2.0.0.jar:na]
	at com.amazonaws.services.dynamodbv2.local.server.LocalDynamoDBServerHandler.handle(LocalDynamoDBServerHandler.java:496) ~[DynamoDBLocal-2.0.0.jar:na]
	at org.eclipse.jetty.server.handler.HandlerWrapper.handle(HandlerWrapper.java:122) ~[jetty-server-11.0.15.jar:11.0.15]
	at org.eclipse.jetty.server.handler.ScopedHandler.nextHandle(ScopedHandler.java:223) ~[jetty-server-11.0.15.jar:11.0.15]
	at org.eclipse.jetty.server.handler.ContextHandler.doHandle(ContextHandler.java:1381) ~[jetty-server-11.0.15.jar:11.0.15]
	at org.eclipse.jetty.server.handler.ScopedHandler.nextScope(ScopedHandler.java:178) ~[jetty-server-11.0.15.jar:11.0.15]
	at org.eclipse.jetty.server.handler.ContextHandler.doScope(ContextHandler.java:1303) ~[jetty-server-11.0.15.jar:11.0.15]
	at org.eclipse.jetty.server.handler.ScopedHandler.handle(ScopedHandler.java:129) ~[jetty-server-11.0.15.jar:11.0.15]
	at org.eclipse.jetty.server.handler.ContextHandlerCollection.handle(ContextHandlerCollection.java:149) ~[jetty-server-11.0.15.jar:11.0.15]
	at org.eclipse.jetty.server.handler.HandlerWrapper.handle(HandlerWrapper.java:122) ~[jetty-server-11.0.15.jar:11.0.15]
	at org.eclipse.jetty.server.Server.handle(Server.java:563) ~[jetty-server-11.0.15.jar:11.0.15]
	at org.eclipse.jetty.server.HttpChannel.lambda$handle$0(HttpChannel.java:505) ~[jetty-server-11.0.15.jar:11.0.15]
	at org.eclipse.jetty.server.HttpChannel.dispatch(HttpChannel.java:762) ~[jetty-server-11.0.15.jar:11.0.15]
	at org.eclipse.jetty.server.HttpChannel.handle(HttpChannel.java:497) ~[jetty-server-11.0.15.jar:11.0.15]
	at org.eclipse.jetty.server.HttpConnection.onFillable(HttpConnection.java:282) ~[jetty-server-11.0.15.jar:11.0.15]
	at org.eclipse.jetty.io.AbstractConnection$ReadCallback.succeeded(AbstractConnection.java:314) ~[jetty-io-11.0.15.jar:11.0.15]
	at org.eclipse.jetty.io.FillInterest.fillable(FillInterest.java:100) ~[jetty-io-11.0.15.jar:11.0.15]
	at org.eclipse.jetty.io.SelectableChannelEndPoint$1.run(SelectableChannelEndPoint.java:53) ~[jetty-io-11.0.15.jar:11.0.15]
	at org.eclipse.jetty.util.thread.strategy.AdaptiveExecutionStrategy.runTask(AdaptiveExecutionStrategy.java:416) ~[jetty-util-11.0.15.jar:11.0.15]
	at org.eclipse.jetty.util.thread.strategy.AdaptiveExecutionStrategy.consumeTask(AdaptiveExecutionStrategy.java:385) ~[jetty-util-11.0.15.jar:11.0.15]
	at org.eclipse.jetty.util.thread.strategy.AdaptiveExecutionStrategy.tryProduce(AdaptiveExecutionStrategy.java:272) ~[jetty-util-11.0.15.jar:11.0.15]
	at org.eclipse.jetty.util.thread.strategy.AdaptiveExecutionStrategy.lambda$new$0(AdaptiveExecutionStrategy.java:140) ~[jetty-util-11.0.15.jar:11.0.15]
	at org.eclipse.jetty.util.thread.ReservedThreadExecutor$ReservedThread.run(ReservedThreadExecutor.java:411) ~[jetty-util-11.0.15.jar:11.0.15]
	at org.eclipse.jetty.util.thread.QueuedThreadPool.runJob(QueuedThreadPool.java:969) ~[jetty-util-11.0.15.jar:11.0.15]
	at org.eclipse.jetty.util.thread.QueuedThreadPool$Runner.doRunJob(QueuedThreadPool.java:1194) ~[jetty-util-11.0.15.jar:11.0.15]
	at org.eclipse.jetty.util.thread.QueuedThreadPool$Runner.run(QueuedThreadPool.java:1149) ~[jetty-util-11.0.15.jar:11.0.15]
	at java.base/java.lang.Thread.run(Thread.java:1623) ~[na:na]

2023-07-17T14:43:24.265+01:00  INFO 91986 --- [tp1652372991-37] c.a.s.d.l.s.LocalDynamoDBServerHandler   : [Request] header name: Authorization : value: AWS4-HMAC-SHA256 Credential=key/20230717/${amazon.dynamodb.region/dynamodb/aws4_request, SignedHeaders=amz-sdk-invocation-id;amz-sdk-request;amz-sdk-retry;content-length;content-type;host;user-agent;x-amz-date;x-amz-target, Signature=82d7560e0bbe984a21b5b35453ba40837d49a452c3db9f0ffc97d8147eae9748
header name: X-Amz-Date : value: 20230717T134324Z
header name: User-Agent : value: aws-sdk-java/1.12.472 Mac_OS_X/13.4.1 OpenJDK_64-Bit_Server_VM/20.0.1 java/20.0.1 kotlin/1.6.21 vendor/Homebrew cfg/retry-mode/legacy
header name: Connection : value: keep-alive
header name: Host : value: localhost:8000
header name: amz-sdk-invocation-id : value: 6b269eb2-80a6-ea98-70a7-3b1f666b381c
header name: amz-sdk-request : value: ttl=20230717T134414Z;attempt=6;max=11
header name: amz-sdk-retry : value: 5/379/475
header name: Content-Length : value: 143
header name: X-Amz-Target : value: DynamoDB_20120810.CreateTable
header name: Content-Type : value: application/x-amz-json-1.0
request body: {"AttributeDefinitions":[{"AttributeName":"id","AttributeType":"S"}],"TableName":"Email","KeySchema":[{"AttributeName":"id","KeyType":"HASH"}]}

2023-07-17T14:43:24.265+01:00  INFO 91986 --- [tp1652372991-37] c.a.s.d.l.s.LocalDynamoDBServerHandler   : [Response] header name: x-amzn-RequestId : value: 411beb3e-064d-4897-a67d-c661372ffaf2
header name: Date : value: Mon, 17 Jul 2023 13:43:24 GMT
header name: Content-Type : value: application/x-amz-json-1.0
status: 500
response body: {"__type":"com.amazonaws.dynamodb.v20120810#InternalFailure","Message":"The request processing has failed because of an unknown error, exception or failure."}

2023-07-17T14:43:25.038+01:00  INFO 91986 --- [tp1652372991-35] c.a.s.d.l.s.LocalDynamoDBServerHandler   : accessKey: key	
2023-07-17T14:43:25.038+01:00  INFO 91986 --- [tp1652372991-35] c.a.s.d.l.s.LocalDynamoDBServerHandler   : target: CreateTable
2023-07-17T14:43:25.043+01:00  WARN 91986 --- [  SQLiteQueue[]] com.almworks.sqlite4java                 : [sqlite] cannot open DB[7]: com.almworks.sqlite4java.SQLiteException: [-91] cannot load library: com.almworks.sqlite4java.SQLiteException: [-91] sqlite4java cannot find native library
2023-07-17T14:43:25.043+01:00 ERROR 91986 --- [  SQLiteQueue[]] com.almworks.sqlite4java                 : [sqlite] SQLiteQueue[]: error running job queue

com.almworks.sqlite4java.SQLiteException: [-91] cannot load library: com.almworks.sqlite4java.SQLiteException: [-91] sqlite4java cannot find native library
	at com.almworks.sqlite4java.SQLite.loadLibrary(SQLite.java:97) ~[sqlite4java-1.0.392.jar:392]
	at com.almworks.sqlite4java.SQLiteConnection.open0(SQLiteConnection.java:1441) ~[sqlite4java-1.0.392.jar:392]
	at com.almworks.sqlite4java.SQLiteConnection.open(SQLiteConnection.java:282) ~[sqlite4java-1.0.392.jar:392]
	at com.almworks.sqlite4java.SQLiteConnection.open(SQLiteConnection.java:293) ~[sqlite4java-1.0.392.jar:392]
	at com.almworks.sqlite4java.SQLiteQueue.openConnection(SQLiteQueue.java:464) ~[sqlite4java-1.0.392.jar:392]
	at com.almworks.sqlite4java.SQLiteQueue.queueFunction(SQLiteQueue.java:641) ~[sqlite4java-1.0.392.jar:392]
	at com.almworks.sqlite4java.SQLiteQueue.runQueue(SQLiteQueue.java:623) ~[sqlite4java-1.0.392.jar:392]
	at com.almworks.sqlite4java.SQLiteQueue.access$000(SQLiteQueue.java:77) ~[sqlite4java-1.0.392.jar:392]
	at com.almworks.sqlite4java.SQLiteQueue$1.run(SQLiteQueue.java:205) ~[sqlite4java-1.0.392.jar:392]
	at java.base/java.lang.Thread.run(Thread.java:1623) ~[na:na]
Caused by: com.almworks.sqlite4java.SQLiteException: [-91] sqlite4java cannot find native library
	at com.almworks.sqlite4java.Internal.loadLibraryX(Internal.java:136) ~[sqlite4java-1.0.392.jar:392]
	at com.almworks.sqlite4java.SQLite.loadLibrary(SQLite.java:95) ~[sqlite4java-1.0.392.jar:392]
	... 9 common frames omitted

2023-07-17T14:43:25.044+01:00 ERROR 91986 --- [  SQLiteQueue[]] com.almworks.sqlite4java                 : [sqlite] SQLiteQueue[]: stopped abnormally, reincarnation is not possible for in-memory database
2023-07-17T14:43:25.045+01:00 ERROR 91986 --- [tp1652372991-35] c.a.s.d.l.s.LocalDynamoDBServerHandler   : Unexpected exception occured

java.lang.NullPointerException: Cannot invoke "java.lang.Long.longValue()" because "lastStoredSequenceNumber" is null
	at com.amazonaws.services.dynamodbv2.local.shared.access.sqlite.SQLiteDBAccess.initializeMetadataTables(SQLiteDBAccess.java:461) ~[DynamoDBLocal-2.0.0.jar:na]
	at com.amazonaws.services.dynamodbv2.local.shared.access.sqlite.SQLiteDBAccess.<init>(SQLiteDBAccess.java:248) ~[DynamoDBLocal-2.0.0.jar:na]
	at com.amazonaws.services.dynamodbv2.local.shared.access.sqlite.SQLiteDBAccess.<init>(SQLiteDBAccess.java:217) ~[DynamoDBLocal-2.0.0.jar:na]
	at com.amazonaws.services.dynamodbv2.local.server.LocalDynamoDBRequestHandler.getDBAccess(LocalDynamoDBRequestHandler.java:208) ~[DynamoDBLocal-2.0.0.jar:na]
	at com.amazonaws.services.dynamodbv2.local.server.LocalDynamoDBRequestHandler.getHandler(LocalDynamoDBRequestHandler.java:199) ~[DynamoDBLocal-2.0.0.jar:na]
	at com.amazonaws.services.dynamodbv2.local.server.LocalDynamoDBRequestHandler.createTable(LocalDynamoDBRequestHandler.java:252) ~[DynamoDBLocal-2.0.0.jar:na]
	at com.amazonaws.services.dynamodbv2.local.dispatchers.CreateTableDispatcher.enact(CreateTableDispatcher.java:18) ~[DynamoDBLocal-2.0.0.jar:na]
	at com.amazonaws.services.dynamodbv2.local.dispatchers.CreateTableDispatcher.enact(CreateTableDispatcher.java:12) ~[DynamoDBLocal-2.0.0.jar:na]
	at com.amazonaws.services.dynamodbv2.local.server.LocalDynamoDBServerHandler.packageDynamoDBResponse(LocalDynamoDBServerHandler.java:407) ~[DynamoDBLocal-2.0.0.jar:na]
	at com.amazonaws.services.dynamodbv2.local.server.LocalDynamoDBServerHandler.handle(LocalDynamoDBServerHandler.java:496) ~[DynamoDBLocal-2.0.0.jar:na]
	at org.eclipse.jetty.server.handler.HandlerWrapper.handle(HandlerWrapper.java:122) ~[jetty-server-11.0.15.jar:11.0.15]
	at org.eclipse.jetty.server.handler.ScopedHandler.nextHandle(ScopedHandler.java:223) ~[jetty-server-11.0.15.jar:11.0.15]
	at org.eclipse.jetty.server.handler.ContextHandler.doHandle(ContextHandler.java:1381) ~[jetty-server-11.0.15.jar:11.0.15]
	at org.eclipse.jetty.server.handler.ScopedHandler.nextScope(ScopedHandler.java:178) ~[jetty-server-11.0.15.jar:11.0.15]
	at org.eclipse.jetty.server.handler.ContextHandler.doScope(ContextHandler.java:1303) ~[jetty-server-11.0.15.jar:11.0.15]
	at org.eclipse.jetty.server.handler.ScopedHandler.handle(ScopedHandler.java:129) ~[jetty-server-11.0.15.jar:11.0.15]
	at org.eclipse.jetty.server.handler.ContextHandlerCollection.handle(ContextHandlerCollection.java:149) ~[jetty-server-11.0.15.jar:11.0.15]
	at org.eclipse.jetty.server.handler.HandlerWrapper.handle(HandlerWrapper.java:122) ~[jetty-server-11.0.15.jar:11.0.15]
	at org.eclipse.jetty.server.Server.handle(Server.java:563) ~[jetty-server-11.0.15.jar:11.0.15]
	at org.eclipse.jetty.server.HttpChannel.lambda$handle$0(HttpChannel.java:505) ~[jetty-server-11.0.15.jar:11.0.15]
	at org.eclipse.jetty.server.HttpChannel.dispatch(HttpChannel.java:762) ~[jetty-server-11.0.15.jar:11.0.15]
	at org.eclipse.jetty.server.HttpChannel.handle(HttpChannel.java:497) ~[jetty-server-11.0.15.jar:11.0.15]
	at org.eclipse.jetty.server.HttpConnection.onFillable(HttpConnection.java:282) ~[jetty-server-11.0.15.jar:11.0.15]
	at org.eclipse.jetty.io.AbstractConnection$ReadCallback.succeeded(AbstractConnection.java:314) ~[jetty-io-11.0.15.jar:11.0.15]
	at org.eclipse.jetty.io.FillInterest.fillable(FillInterest.java:100) ~[jetty-io-11.0.15.jar:11.0.15]
	at org.eclipse.jetty.io.SelectableChannelEndPoint$1.run(SelectableChannelEndPoint.java:53) ~[jetty-io-11.0.15.jar:11.0.15]
	at org.eclipse.jetty.util.thread.strategy.AdaptiveExecutionStrategy.runTask(AdaptiveExecutionStrategy.java:416) ~[jetty-util-11.0.15.jar:11.0.15]
	at org.eclipse.jetty.util.thread.strategy.AdaptiveExecutionStrategy.consumeTask(AdaptiveExecutionStrategy.java:385) ~[jetty-util-11.0.15.jar:11.0.15]
	at org.eclipse.jetty.util.thread.strategy.AdaptiveExecutionStrategy.tryProduce(AdaptiveExecutionStrategy.java:272) ~[jetty-util-11.0.15.jar:11.0.15]
	at org.eclipse.jetty.util.thread.strategy.AdaptiveExecutionStrategy.lambda$new$0(AdaptiveExecutionStrategy.java:140) ~[jetty-util-11.0.15.jar:11.0.15]
	at org.eclipse.jetty.util.thread.ReservedThreadExecutor$ReservedThread.run(ReservedThreadExecutor.java:411) ~[jetty-util-11.0.15.jar:11.0.15]
	at org.eclipse.jetty.util.thread.QueuedThreadPool.runJob(QueuedThreadPool.java:969) ~[jetty-util-11.0.15.jar:11.0.15]
	at org.eclipse.jetty.util.thread.QueuedThreadPool$Runner.doRunJob(QueuedThreadPool.java:1194) ~[jetty-util-11.0.15.jar:11.0.15]
	at org.eclipse.jetty.util.thread.QueuedThreadPool$Runner.run(QueuedThreadPool.java:1149) ~[jetty-util-11.0.15.jar:11.0.15]
	at java.base/java.lang.Thread.run(Thread.java:1623) ~[na:na]

[...]
	... 96 common frames omitted

2023-07-17T14:43:41.888+01:00 ERROR 91986 --- [           main] o.s.test.context.TestContextManager      : Caught exception while allowing TestExecutionListener [org.springframework.test.context.web.ServletTestExecutionListener] to prepare test instance [com.web.webapp.DataRetrievalTests@15254569]

java.lang.IllegalStateException: Failed to load ApplicationContext for [WebMergedContextConfiguration@5b3c11ce testClass = com.web.webapp.DataRetrievalTests, locations = [], classes = [com.web.webapp.config.DynamoDBConfig, com.web.webapp.config.RepositoryConfig], contextInitializerClasses = [], activeProfiles = [], propertySourceLocations = [], propertySourceProperties = ["classpath:database.properties", "org.springframework.boot.test.context.SpringBootTestContextBootstrapper=true"], contextCustomizers = [org.springframework.boot.test.context.filter.ExcludeFilterContextCustomizer@536dbea0, org.springframework.boot.test.json.DuplicateJsonObjectContextCustomizerFactory$DuplicateJsonObjectContextCustomizer@21d03963, org.springframework.boot.test.mock.mockito.MockitoContextCustomizer@0, org.springframework.boot.test.web.client.TestRestTemplateContextCustomizer@13404f75, org.springframework.boot.test.autoconfigure.actuate.observability.ObservabilityContextCustomizerFactory$DisableObservabilityContextCustomizer@1f, org.springframework.boot.test.autoconfigure.properties.PropertyMappingContextCustomizer@0, org.springframework.boot.test.autoconfigure.web.servlet.WebDriverContextCustomizerFactory$Customizer@3b79fd76, org.springframework.test.context.web.socket.MockServerContainerContextCustomizer@949d347, org.springframework.boot.test.context.SpringBootTestAnnotation@31e57450], resourceBasePath = "src/main/webapp", contextLoader = org.springframework.boot.test.context.SpringBootContextLoader, parent = null]
	at org.springframework.test.context.cache.DefaultCacheAwareContextLoaderDelegate.loadContext(DefaultCacheAwareContextLoaderDelegate.java:142) ~[spring-test-6.0.9.jar:6.0.9]
	at org.springframework.test.context.support.DefaultTestContext.getApplicationContext(DefaultTestContext.java:127) ~[spring-test-6.0.9.jar:6.0.9]
	at org.springframework.test.context.web.ServletTestExecutionListener.setUpRequestContextIfNecessary(ServletTestExecutionListener.java:191) ~[spring-test-6.0.9.jar:6.0.9]
	at org.springframework.test.context.web.ServletTestExecutionListener.prepareTestInstance(ServletTestExecutionListener.java:130) ~[spring-test-6.0.9.jar:6.0.9]
	at org.springframework.test.context.TestContextManager.prepareTestInstance(TestContextManager.java:241) ~[spring-test-6.0.9.jar:6.0.9]
	at org.springframework.test.context.junit.jupiter.SpringExtension.postProcessTestInstance(SpringExtension.java:138) ~[spring-test-6.0.9.jar:6.0.9]
	at org.junit.jupiter.engine.descriptor.ClassBasedTestDescriptor.lambda$invokeTestInstancePostProcessors$10(ClassBasedTestDescriptor.java:377) ~[junit-jupiter-engine-5.9.2.jar:5.9.2]
	at org.junit.jupiter.engine.descriptor.ClassBasedTestDescriptor.executeAndMaskThrowable(ClassBasedTestDescriptor.java:382) ~[junit-jupiter-engine-5.9.2.jar:5.9.2]
	at org.junit.jupiter.engine.descriptor.ClassBasedTestDescriptor.lambda$invokeTestInstancePostProcessors$11(ClassBasedTestDescriptor.java:377) ~[junit-jupiter-engine-5.9.2.jar:5.9.2]
	at java.base/java.util.stream.ReferencePipeline$3$1.accept(ReferencePipeline.java:197) ~[na:na]
	at java.base/java.util.stream.ReferencePipeline$2$1.accept(ReferencePipeline.java:179) ~[na:na]
	at java.base/java.util.ArrayList$ArrayListSpliterator.forEachRemaining(ArrayList.java:1625) ~[na:na]
	at java.base/java.util.stream.AbstractPipeline.copyInto(AbstractPipeline.java:509) ~[na:na]
	at java.base/java.util.stream.AbstractPipeline.wrapAndCopyInto(AbstractPipeline.java:499) ~[na:na]
	at java.base/java.util.stream.StreamSpliterators$WrappingSpliterator.forEachRemaining(StreamSpliterators.java:310) ~[na:na]
	at java.base/java.util.stream.Streams$ConcatSpliterator.forEachRemaining(Streams.java:735) ~[na:na]
	at java.base/java.util.stream.Streams$ConcatSpliterator.forEachRemaining(Streams.java:734) ~[na:na]
	at java.base/java.util.stream.ReferencePipeline$Head.forEach(ReferencePipeline.java:762) ~[na:na]
	at org.junit.jupiter.engine.descriptor.ClassBasedTestDescriptor.invokeTestInstancePostProcessors(ClassBasedTestDescriptor.java:376) ~[junit-jupiter-engine-5.9.2.jar:5.9.2]
	at org.junit.jupiter.engine.descriptor.ClassBasedTestDescriptor.lambda$instantiateAndPostProcessTestInstance$6(ClassBasedTestDescriptor.java:289) ~[junit-jupiter-engine-5.9.2.jar:5.9.2]
	at org.junit.platform.engine.support.hierarchical.ThrowableCollector.execute(ThrowableCollector.java:73) ~[junit-platform-engine-1.9.3.jar:1.9.3]
	at org.junit.jupiter.engine.descriptor.ClassBasedTestDescriptor.instantiateAndPostProcessTestInstance(ClassBasedTestDescriptor.java:288) ~[junit-jupiter-engine-5.9.2.jar:5.9.2]
	at org.junit.jupiter.engine.descriptor.ClassBasedTestDescriptor.lambda$testInstancesProvider$4(ClassBasedTestDescriptor.java:278) ~[junit-jupiter-engine-5.9.2.jar:5.9.2]
	at java.base/java.util.Optional.orElseGet(Optional.java:364) ~[na:na]
	at org.junit.jupiter.engine.descriptor.ClassBasedTestDescriptor.lambda$testInstancesProvider$5(ClassBasedTestDescriptor.java:277) ~[junit-jupiter-engine-5.9.2.jar:5.9.2]
	at org.junit.jupiter.engine.execution.TestInstancesProvider.getTestInstances(TestInstancesProvider.java:31) ~[junit-jupiter-engine-5.9.2.jar:5.9.2]
	at org.junit.jupiter.engine.descriptor.TestMethodTestDescriptor.lambda$prepare$0(TestMethodTestDescriptor.java:105) ~[junit-jupiter-engine-5.9.2.jar:5.9.2]
	at org.junit.platform.engine.support.hierarchical.ThrowableCollector.execute(ThrowableCollector.java:73) ~[junit-platform-engine-1.9.3.jar:1.9.3]
	at org.junit.jupiter.engine.descriptor.TestMethodTestDescriptor.prepare(TestMethodTestDescriptor.java:104) ~[junit-jupiter-engine-5.9.2.jar:5.9.2]
	at org.junit.jupiter.engine.descriptor.TestMethodTestDescriptor.prepare(TestMethodTestDescriptor.java:68) ~[junit-jupiter-engine-5.9.2.jar:5.9.2]
	at org.junit.platform.engine.support.hierarchical.NodeTestTask.lambda$prepare$2(NodeTestTask.java:123) ~[junit-platform-engine-1.9.3.jar:1.9.3]
	at org.junit.platform.engine.support.hierarchical.ThrowableCollector.execute(ThrowableCollector.java:73) ~[junit-platform-engine-1.9.3.jar:1.9.3]
	at org.junit.platform.engine.support.hierarchical.NodeTestTask.prepare(NodeTestTask.java:123) ~[junit-platform-engine-1.9.3.jar:1.9.3]
	at org.junit.platform.engine.support.hierarchical.NodeTestTask.execute(NodeTestTask.java:90) ~[junit-platform-engine-1.9.3.jar:1.9.3]
	at java.base/java.util.ArrayList.forEach(ArrayList.java:1511) ~[na:na]
	at org.junit.platform.engine.support.hierarchical.SameThreadHierarchicalTestExecutorService.invokeAll(SameThreadHierarchicalTestExecutorService.java:41) ~[junit-platform-engine-1.9.3.jar:1.9.3]
	at org.junit.platform.engine.support.hierarchical.NodeTestTask.lambda$executeRecursively$6(NodeTestTask.java:155) ~[junit-platform-engine-1.9.3.jar:1.9.3]
	at org.junit.platform.engine.support.hierarchical.ThrowableCollector.execute(ThrowableCollector.java:73) ~[junit-platform-engine-1.9.3.jar:1.9.3]
	at org.junit.platform.engine.support.hierarchical.NodeTestTask.lambda$executeRecursively$8(NodeTestTask.java:141) ~[junit-platform-engine-1.9.3.jar:1.9.3]
	at org.junit.platform.engine.support.hierarchical.Node.around(Node.java:137) ~[junit-platform-engine-1.9.3.jar:1.9.3]
	at org.junit.platform.engine.support.hierarchical.NodeTestTask.lambda$executeRecursively$9(NodeTestTask.java:139) ~[junit-platform-engine-1.9.3.jar:1.9.3]
	at org.junit.platform.engine.support.hierarchical.ThrowableCollector.execute(ThrowableCollector.java:73) ~[junit-platform-engine-1.9.3.jar:1.9.3]
	at org.junit.platform.engine.support.hierarchical.NodeTestTask.executeRecursively(NodeTestTask.java:138) ~[junit-platform-engine-1.9.3.jar:1.9.3]
	at org.junit.platform.engine.support.hierarchical.NodeTestTask.execute(NodeTestTask.java:95) ~[junit-platform-engine-1.9.3.jar:1.9.3]
	at java.base/java.util.ArrayList.forEach(ArrayList.java:1511) ~[na:na]
	at org.junit.platform.engine.support.hierarchical.SameThreadHierarchicalTestExecutorService.invokeAll(SameThreadHierarchicalTestExecutorService.java:41) ~[junit-platform-engine-1.9.3.jar:1.9.3]
	at org.junit.platform.engine.support.hierarchical.NodeTestTask.lambda$executeRecursively$6(NodeTestTask.java:155) ~[junit-platform-engine-1.9.3.jar:1.9.3]
	at org.junit.platform.engine.support.hierarchical.ThrowableCollector.execute(ThrowableCollector.java:73) ~[junit-platform-engine-1.9.3.jar:1.9.3]
	at org.junit.platform.engine.support.hierarchical.NodeTestTask.lambda$executeRecursively$8(NodeTestTask.java:141) ~[junit-platform-engine-1.9.3.jar:1.9.3]
	at org.junit.platform.engine.support.hierarchical.Node.around(Node.java:137) ~[junit-platform-engine-1.9.3.jar:1.9.3]
	at org.junit.platform.engine.support.hierarchical.NodeTestTask.lambda$executeRecursively$9(NodeTestTask.java:139) ~[junit-platform-engine-1.9.3.jar:1.9.3]
	at org.junit.platform.engine.support.hierarchical.ThrowableCollector.execute(ThrowableCollector.java:73) ~[junit-platform-engine-1.9.3.jar:1.9.3]
	at org.junit.platform.engine.support.hierarchical.NodeTestTask.executeRecursively(NodeTestTask.java:138) ~[junit-platform-engine-1.9.3.jar:1.9.3]
	at org.junit.platform.engine.support.hierarchical.NodeTestTask.execute(NodeTestTask.java:95) ~[junit-platform-engine-1.9.3.jar:1.9.3]
	at org.junit.platform.engine.support.hierarchical.SameThreadHierarchicalTestExecutorService.submit(SameThreadHierarchicalTestExecutorService.java:35) ~[junit-platform-engine-1.9.3.jar:1.9.3]
	at org.junit.platform.engine.support.hierarchical.HierarchicalTestExecutor.execute(HierarchicalTestExecutor.java:57) ~[junit-platform-engine-1.9.3.jar:1.9.3]
	at org.junit.platform.engine.support.hierarchical.HierarchicalTestEngine.execute(HierarchicalTestEngine.java:54) ~[junit-platform-engine-1.9.3.jar:1.9.3]
	at org.junit.platform.launcher.core.EngineExecutionOrchestrator.execute(EngineExecutionOrchestrator.java:147) ~[junit-platform-launcher-1.9.3.jar:1.9.3]
	at org.junit.platform.launcher.core.EngineExecutionOrchestrator.execute(EngineExecutionOrchestrator.java:127) ~[junit-platform-launcher-1.9.3.jar:1.9.3]
	at org.junit.platform.launcher.core.EngineExecutionOrchestrator.execute(EngineExecutionOrchestrator.java:90) ~[junit-platform-launcher-1.9.3.jar:1.9.3]
	at org.junit.platform.launcher.core.EngineExecutionOrchestrator.lambda$execute$0(EngineExecutionOrchestrator.java:55) ~[junit-platform-launcher-1.9.3.jar:1.9.3]
	at org.junit.platform.launcher.core.EngineExecutionOrchestrator.withInterceptedStreams(EngineExecutionOrchestrator.java:102) ~[junit-platform-launcher-1.9.3.jar:1.9.3]
	at org.junit.platform.launcher.core.EngineExecutionOrchestrator.execute(EngineExecutionOrchestrator.java:54) ~[junit-platform-launcher-1.9.3.jar:1.9.3]
	at org.junit.platform.launcher.core.DefaultLauncher.execute(DefaultLauncher.java:114) ~[junit-platform-launcher-1.9.3.jar:1.9.3]
	at org.junit.platform.launcher.core.DefaultLauncher.execute(DefaultLauncher.java:86) ~[junit-platform-launcher-1.9.3.jar:1.9.3]
	at org.junit.platform.launcher.core.DefaultLauncherSession$DelegatingLauncher.execute(DefaultLauncherSession.java:86) ~[junit-platform-launcher-1.9.3.jar:1.9.3]
	at org.apache.maven.surefire.junitplatform.LazyLauncher.execute(LazyLauncher.java:50) ~[surefire-junit-platform-3.0.0.jar:3.0.0]
	at org.apache.maven.surefire.junitplatform.JUnitPlatformProvider.execute(JUnitPlatformProvider.java:184) ~[surefire-junit-platform-3.0.0.jar:3.0.0]
	at org.apache.maven.surefire.junitplatform.JUnitPlatformProvider.invokeAllTests(JUnitPlatformProvider.java:148) ~[surefire-junit-platform-3.0.0.jar:3.0.0]
	at org.apache.maven.surefire.junitplatform.JUnitPlatformProvider.invoke(JUnitPlatformProvider.java:122) ~[surefire-junit-platform-3.0.0.jar:3.0.0]
	at org.apache.maven.surefire.booter.ForkedBooter.runSuitesInProcess(ForkedBooter.java:385) ~[surefire-booter-3.0.0.jar:3.0.0]
	at org.apache.maven.surefire.booter.ForkedBooter.execute(ForkedBooter.java:162) ~[surefire-booter-3.0.0.jar:3.0.0]
	at org.apache.maven.surefire.booter.ForkedBooter.run(ForkedBooter.java:507) ~[surefire-booter-3.0.0.jar:3.0.0]
	at org.apache.maven.surefire.booter.ForkedBooter.main(ForkedBooter.java:495) ~[surefire-booter-3.0.0.jar:3.0.0]
Caused by: org.springframework.beans.factory.BeanCreationException: Error creating bean with name 'repositoryConfig': Invocation of init method failed
	at org.springframework.beans.factory.annotation.InitDestroyAnnotationBeanPostProcessor.postProcessBeforeInitialization(InitDestroyAnnotationBeanPostProcessor.java:196) ~[spring-beans-6.0.9.jar:6.0.9]
	at org.springframework.beans.factory.support.AbstractAutowireCapableBeanFactory.applyBeanPostProcessorsBeforeInitialization(AbstractAutowireCapableBeanFactory.java:419) ~[spring-beans-6.0.9.jar:6.0.9]
	at org.springframework.beans.factory.support.AbstractAutowireCapableBeanFactory.initializeBean(AbstractAutowireCapableBeanFactory.java:1762) ~[spring-beans-6.0.9.jar:6.0.9]
	at org.springframework.beans.factory.support.AbstractAutowireCapableBeanFactory.doCreateBean(AbstractAutowireCapableBeanFactory.java:598) ~[spring-beans-6.0.9.jar:6.0.9]
	at org.springframework.beans.factory.support.AbstractAutowireCapableBeanFactory.createBean(AbstractAutowireCapableBeanFactory.java:520) ~[spring-beans-6.0.9.jar:6.0.9]
	at org.springframework.beans.factory.support.AbstractBeanFactory.lambda$doGetBean$0(AbstractBeanFactory.java:326) ~[spring-beans-6.0.9.jar:6.0.9]
	at org.springframework.beans.factory.support.DefaultSingletonBeanRegistry.getSingleton(DefaultSingletonBeanRegistry.java:234) ~[spring-beans-6.0.9.jar:6.0.9]
	at org.springframework.beans.factory.support.AbstractBeanFactory.doGetBean(AbstractBeanFactory.java:324) ~[spring-beans-6.0.9.jar:6.0.9]
	at org.springframework.beans.factory.support.AbstractBeanFactory.getBean(AbstractBeanFactory.java:200) ~[spring-beans-6.0.9.jar:6.0.9]
	at org.springframework.beans.factory.support.DefaultListableBeanFactory.preInstantiateSingletons(DefaultListableBeanFactory.java:973) ~[spring-beans-6.0.9.jar:6.0.9]
	at org.springframework.context.support.AbstractApplicationContext.finishBeanFactoryInitialization(AbstractApplicationContext.java:941) ~[spring-context-6.0.9.jar:6.0.9]
	at org.springframework.context.support.AbstractApplicationContext.refresh(AbstractApplicationContext.java:608) ~[spring-context-6.0.9.jar:6.0.9]
	at org.springframework.boot.SpringApplication.refresh(SpringApplication.java:733) ~[spring-boot-3.1.0.jar:3.1.0]
	at org.springframework.boot.SpringApplication.refreshContext(SpringApplication.java:435) ~[spring-boot-3.1.0.jar:3.1.0]
	at org.springframework.boot.SpringApplication.run(SpringApplication.java:311) ~[spring-boot-3.1.0.jar:3.1.0]
	at org.springframework.boot.test.context.SpringBootContextLoader.lambda$loadContext$3(SpringBootContextLoader.java:137) ~[spring-boot-test-3.1.0.jar:3.1.0]
	at org.springframework.util.function.ThrowingSupplier.get(ThrowingSupplier.java:58) ~[spring-core-6.0.9.jar:6.0.9]
	at org.springframework.util.function.ThrowingSupplier.get(ThrowingSupplier.java:46) ~[spring-core-6.0.9.jar:6.0.9]
	at org.springframework.boot.SpringApplication.withHook(SpringApplication.java:1405) ~[spring-boot-3.1.0.jar:3.1.0]
	at org.springframework.boot.test.context.SpringBootContextLoader$ContextLoaderHook.run(SpringBootContextLoader.java:545) ~[spring-boot-test-3.1.0.jar:3.1.0]
	at org.springframework.boot.test.context.SpringBootContextLoader.loadContext(SpringBootContextLoader.java:137) ~[spring-boot-test-3.1.0.jar:3.1.0]
	at org.springframework.boot.test.context.SpringBootContextLoader.loadContext(SpringBootContextLoader.java:108) ~[spring-boot-test-3.1.0.jar:3.1.0]
	at org.springframework.test.context.cache.DefaultCacheAwareContextLoaderDelegate.loadContextInternal(DefaultCacheAwareContextLoaderDelegate.java:184) ~[spring-test-6.0.9.jar:6.0.9]
	at org.springframework.test.context.cache.DefaultCacheAwareContextLoaderDelegate.loadContext(DefaultCacheAwareContextLoaderDelegate.java:118) ~[spring-test-6.0.9.jar:6.0.9]
	... 73 common frames omitted
Caused by: com.amazonaws.services.dynamodbv2.model.AmazonDynamoDBException: The request processing has failed because of an unknown error, exception or failure. (Service: AmazonDynamoDBv2; Status Code: 500; Error Code: InternalFailure; Request ID: cf9690c9-daa3-481a-9e9c-cb0876530375; Proxy: null)
	at com.amazonaws.http.AmazonHttpClient$RequestExecutor.handleErrorResponse(AmazonHttpClient.java:1879) ~[aws-java-sdk-core-1.12.472.jar:na]
	at com.amazonaws.http.AmazonHttpClient$RequestExecutor.handleServiceErrorResponse(AmazonHttpClient.java:1418) ~[aws-java-sdk-core-1.12.472.jar:na]
	at com.amazonaws.http.AmazonHttpClient$RequestExecutor.executeOneRequest(AmazonHttpClient.java:1387) ~[aws-java-sdk-core-1.12.472.jar:na]
	at com.amazonaws.http.AmazonHttpClient$RequestExecutor.executeHelper(AmazonHttpClient.java:1157) ~[aws-java-sdk-core-1.12.472.jar:na]
	at com.amazonaws.http.AmazonHttpClient$RequestExecutor.doExecute(AmazonHttpClient.java:814) ~[aws-java-sdk-core-1.12.472.jar:na]
	at com.amazonaws.http.AmazonHttpClient$RequestExecutor.executeWithTimer(AmazonHttpClient.java:781) ~[aws-java-sdk-core-1.12.472.jar:na]
	at com.amazonaws.http.AmazonHttpClient$RequestExecutor.execute(AmazonHttpClient.java:755) ~[aws-java-sdk-core-1.12.472.jar:na]
	at com.amazonaws.http.AmazonHttpClient$RequestExecutor.access$500(AmazonHttpClient.java:715) ~[aws-java-sdk-core-1.12.472.jar:na]
	at com.amazonaws.http.AmazonHttpClient$RequestExecutionBuilderImpl.execute(AmazonHttpClient.java:697) ~[aws-java-sdk-core-1.12.472.jar:na]
	at com.amazonaws.http.AmazonHttpClient.execute(AmazonHttpClient.java:561) ~[aws-java-sdk-core-1.12.472.jar:na]
	at com.amazonaws.http.AmazonHttpClient.execute(AmazonHttpClient.java:541) ~[aws-java-sdk-core-1.12.472.jar:na]
	at com.amazonaws.services.dynamodbv2.AmazonDynamoDBClient.doInvoke(AmazonDynamoDBClient.java:6719) ~[aws-java-sdk-dynamodb-1.12.472.jar:na]
	at com.amazonaws.services.dynamodbv2.AmazonDynamoDBClient.invoke(AmazonDynamoDBClient.java:6686) ~[aws-java-sdk-dynamodb-1.12.472.jar:na]
	at com.amazonaws.services.dynamodbv2.AmazonDynamoDBClient.executeCreateTable(AmazonDynamoDBClient.java:1206) ~[aws-java-sdk-dynamodb-1.12.472.jar:na]
	at com.amazonaws.services.dynamodbv2.AmazonDynamoDBClient.createTable(AmazonDynamoDBClient.java:1170) ~[aws-java-sdk-dynamodb-1.12.472.jar:na]
	at com.web.webapp.config.RepositoryConfig.setUpEmailTable(RepositoryConfig.java:45) ~[classes/:na]
	at java.base/jdk.internal.reflect.DirectMethodHandleAccessor.invoke(DirectMethodHandleAccessor.java:104) ~[na:na]
	at java.base/java.lang.reflect.Method.invoke(Method.java:578) ~[na:na]
	at org.springframework.beans.factory.annotation.InitDestroyAnnotationBeanPostProcessor$LifecycleElement.invoke(InitDestroyAnnotationBeanPostProcessor.java:425) ~[spring-beans-6.0.9.jar:6.0.9]
	at org.springframework.beans.factory.annotation.InitDestroyAnnotationBeanPostProcessor$LifecycleMetadata.invokeInitMethods(InitDestroyAnnotationBeanPostProcessor.java:369) ~[spring-beans-6.0.9.jar:6.0.9]
	at org.springframework.beans.factory.annotation.InitDestroyAnnotationBeanPostProcessor.postProcessBeforeInitialization(InitDestroyAnnotationBeanPostProcessor.java:193) ~[spring-beans-6.0.9.jar:6.0.9]
	... 96 common frames omitted

]]></system-out>
    <system-err><![CDATA[


============================
CONDITIONS EVALUATION REPORT
============================


Positive matches:
-----------------

    None


Negative matches:
-----------------

    None


Exclusions:
-----------

    None


Unconditional classes:
----------------------

    None



]]></system-err>
  </testcase>
</testsuite>