<?xml version="1.0" encoding="UTF-8"?>
<testsuite xmlns:xsi="http://www.w3.org/2001/XMLSchema-instance" xsi:noNamespaceSchemaLocation="https://maven.apache.org/surefire/maven-surefire-plugin/xsd/surefire-test-report-3.0.xsd" version="3.0" name="com.web.webapp.WebLayerTests" time="5.816" tests="3" errors="1" skipped="0" failures="0">
  <properties>
[...]
</properties>
  <testcase name="testSendEmailMapping" classname="com.web.webapp.WebLayerTests" time="0.66">
    <system-out><![CDATA[14:43:14.994 [main] INFO org.springframework.test.context.support.AnnotationConfigContextLoaderUtils -- Could not detect default configuration classes for test class [com.web.webapp.WebLayerTests]: WebLayerTests does not declare any static, non-private, non-final, nested classes annotated with @Configuration.
14:43:15.320 [main] INFO org.springframework.boot.test.context.SpringBootTestContextBootstrapper -- Found @SpringBootConfiguration com.web.webapp.WebApplication for test class com.web.webapp.WebLayerTests

  .   ____          _            __ _ _
 /\\ / ___'_ __ _ _(_)_ __  __ _ \ \ \ \
( ( )\___ | '_ | '_| | '_ \/ _` | \ \ \ \
 \\/  ___)| |_)| | | | | || (_| |  ) ) ) )
  '  |____| .__|_| |_|_| |_\__, | / / / /
 =========|_|==============|___/=/_/_/_/
 :: Spring Boot ::                (v3.1.0)

2023-07-17T14:43:15.969+01:00  INFO 91986 --- [           main] com.web.webapp.WebLayerTests             : Starting WebLayerTests using Java 20.0.1 with PID 91986 (started by hari_rathod in /Users/hari_rathod/java_repos/webapp)
2023-07-17T14:43:15.973+01:00  INFO 91986 --- [           main] com.web.webapp.WebLayerTests             : No active profile set, falling back to 1 default profile: "default"
2023-07-17T14:43:19.234+01:00  INFO 91986 --- [           main] o.s.b.a.w.s.WelcomePageHandlerMapping    : Adding welcome page template: index
2023-07-17T14:43:19.491+01:00  INFO 91986 --- [           main] o.s.b.t.m.w.SpringBootMockServletContext : Initializing Spring TestDispatcherServlet ''
2023-07-17T14:43:19.491+01:00  INFO 91986 --- [           main] o.s.t.web.servlet.TestDispatcherServlet  : Initializing Servlet ''
2023-07-17T14:43:19.496+01:00  INFO 91986 --- [           main] o.s.t.web.servlet.TestDispatcherServlet  : Completed initialization in 2 ms
2023-07-17T14:43:19.532+01:00  INFO 91986 --- [           main] com.web.webapp.WebLayerTests             : Started WebLayerTests in 4.078 seconds (process running for 5.932)
]]></system-out>
  </testcase>
  <testcase name="testSendEmailPostMapping" classname="com.web.webapp.WebLayerTests" time="0.191">
    <error message="Request processing failed: java.lang.IllegalStateException: Not provider of jakarta.mail.util.StreamProvider was found" type="jakarta.servlet.ServletException"><![CDATA[jakarta.servlet.ServletException: Request processing failed: java.lang.IllegalStateException: Not provider of jakarta.mail.util.StreamProvider was found
	at org.springframework.web.servlet.FrameworkServlet.processRequest(FrameworkServlet.java:1019)
	at org.springframework.web.servlet.FrameworkServlet.doPost(FrameworkServlet.java:914)
	at jakarta.servlet.http.HttpServlet.service(HttpServlet.java:590)
	at org.springframework.web.servlet.FrameworkServlet.service(FrameworkServlet.java:885)
	at org.springframework.test.web.servlet.TestDispatcherServlet.service(TestDispatcherServlet.java:72)
	at jakarta.servlet.http.HttpServlet.service(HttpServlet.java:658)
	at org.springframework.mock.web.MockFilterChain$ServletFilterProxy.doFilter(MockFilterChain.java:165)
	at org.springframework.mock.web.MockFilterChain.doFilter(MockFilterChain.java:132)
	at org.springframework.web.filter.RequestContextFilter.doFilterInternal(RequestContextFilter.java:100)
	at org.springframework.web.filter.OncePerRequestFilter.doFilter(OncePerRequestFilter.java:116)
	at org.springframework.mock.web.MockFilterChain.doFilter(MockFilterChain.java:132)
	at org.springframework.web.filter.FormContentFilter.doFilterInternal(FormContentFilter.java:93)
	at org.springframework.web.filter.OncePerRequestFilter.doFilter(OncePerRequestFilter.java:116)
	at org.springframework.mock.web.MockFilterChain.doFilter(MockFilterChain.java:132)
	at org.springframework.web.filter.CharacterEncodingFilter.doFilterInternal(CharacterEncodingFilter.java:201)
	at org.springframework.web.filter.OncePerRequestFilter.doFilter(OncePerRequestFilter.java:116)
	at org.springframework.mock.web.MockFilterChain.doFilter(MockFilterChain.java:132)
	at org.springframework.test.web.servlet.MockMvc.perform(MockMvc.java:201)
	at com.web.webapp.WebLayerTests.testSendEmailPostMapping(WebLayerTests.java:57)
	at java.base/jdk.internal.reflect.DirectMethodHandleAccessor.invoke(DirectMethodHandleAccessor.java:104)
	at java.base/java.lang.reflect.Method.invoke(Method.java:578)
	at org.junit.platform.commons.util.ReflectionUtils.invokeMethod(ReflectionUtils.java:727)
	at org.junit.jupiter.engine.execution.MethodInvocation.proceed(MethodInvocation.java:60)
	at org.junit.jupiter.engine.execution.InvocationInterceptorChain$ValidatingInvocation.proceed(InvocationInterceptorChain.java:131)
	at org.junit.jupiter.engine.extension.TimeoutExtension.intercept(TimeoutExtension.java:156)
	at org.junit.jupiter.engine.extension.TimeoutExtension.interceptTestableMethod(TimeoutExtension.java:147)
	at org.junit.jupiter.engine.extension.TimeoutExtension.interceptTestMethod(TimeoutExtension.java:86)
	at org.junit.jupiter.engine.execution.InterceptingExecutableInvoker$ReflectiveInterceptorCall.lambda$ofVoidMethod$0(InterceptingExecutableInvoker.java:103)
	at org.junit.jupiter.engine.execution.InterceptingExecutableInvoker.lambda$invoke$0(InterceptingExecutableInvoker.java:93)
	at org.junit.jupiter.engine.execution.InvocationInterceptorChain$InterceptedInvocation.proceed(InvocationInterceptorChain.java:106)
	at org.junit.jupiter.engine.execution.InvocationInterceptorChain.proceed(InvocationInterceptorChain.java:64)
	at org.junit.jupiter.engine.execution.InvocationInterceptorChain.chainAndInvoke(InvocationInterceptorChain.java:45)
	at org.junit.jupiter.engine.execution.InvocationInterceptorChain.invoke(InvocationInterceptorChain.java:37)
	at org.junit.jupiter.engine.execution.InterceptingExecutableInvoker.invoke(InterceptingExecutableInvoker.java:92)
	at org.junit.jupiter.engine.execution.InterceptingExecutableInvoker.invoke(InterceptingExecutableInvoker.java:86)
	at org.junit.jupiter.engine.descriptor.TestMethodTestDescriptor.lambda$invokeTestMethod$7(TestMethodTestDescriptor.java:217)
	at org.junit.platform.engine.support.hierarchical.ThrowableCollector.execute(ThrowableCollector.java:73)
	at org.junit.jupiter.engine.descriptor.TestMethodTestDescriptor.invokeTestMethod(TestMethodTestDescriptor.java:213)
	at org.junit.jupiter.engine.descriptor.TestMethodTestDescriptor.execute(TestMethodTestDescriptor.java:138)
	at org.junit.jupiter.engine.descriptor.TestMethodTestDescriptor.execute(TestMethodTestDescriptor.java:68)
	at org.junit.platform.engine.support.hierarchical.NodeTestTask.lambda$executeRecursively$6(NodeTestTask.java:151)
	at org.junit.platform.engine.support.hierarchical.ThrowableCollector.execute(ThrowableCollector.java:73)
	at org.junit.platform.engine.support.hierarchical.NodeTestTask.lambda$executeRecursively$8(NodeTestTask.java:141)
	at org.junit.platform.engine.support.hierarchical.Node.around(Node.java:137)
	at org.junit.platform.engine.support.hierarchical.NodeTestTask.lambda$executeRecursively$9(NodeTestTask.java:139)
	at org.junit.platform.engine.support.hierarchical.ThrowableCollector.execute(ThrowableCollector.java:73)
	at org.junit.platform.engine.support.hierarchical.NodeTestTask.executeRecursively(NodeTestTask.java:138)
	at org.junit.platform.engine.support.hierarchical.NodeTestTask.execute(NodeTestTask.java:95)
	at java.base/java.util.ArrayList.forEach(ArrayList.java:1511)
	at org.junit.platform.engine.support.hierarchical.SameThreadHierarchicalTestExecutorService.invokeAll(SameThreadHierarchicalTestExecutorService.java:41)
	at org.junit.platform.engine.support.hierarchical.NodeTestTask.lambda$executeRecursively$6(NodeTestTask.java:155)
	at org.junit.platform.engine.support.hierarchical.ThrowableCollector.execute(ThrowableCollector.java:73)
	at org.junit.platform.engine.support.hierarchical.NodeTestTask.lambda$executeRecursively$8(NodeTestTask.java:141)
	at org.junit.platform.engine.support.hierarchical.Node.around(Node.java:137)
	at org.junit.platform.engine.support.hierarchical.NodeTestTask.lambda$executeRecursively$9(NodeTestTask.java:139)
	at org.junit.platform.engine.support.hierarchical.ThrowableCollector.execute(ThrowableCollector.java:73)
	at org.junit.platform.engine.support.hierarchical.NodeTestTask.executeRecursively(NodeTestTask.java:138)
	at org.junit.platform.engine.support.hierarchical.NodeTestTask.execute(NodeTestTask.java:95)
	at java.base/java.util.ArrayList.forEach(ArrayList.java:1511)
	at org.junit.platform.engine.support.hierarchical.SameThreadHierarchicalTestExecutorService.invokeAll(SameThreadHierarchicalTestExecutorService.java:41)
	at org.junit.platform.engine.support.hierarchical.NodeTestTask.lambda$executeRecursively$6(NodeTestTask.java:155)
	at org.junit.platform.engine.support.hierarchical.ThrowableCollector.execute(ThrowableCollector.java:73)
	at org.junit.platform.engine.support.hierarchical.NodeTestTask.lambda$executeRecursively$8(NodeTestTask.java:141)
	at org.junit.platform.engine.support.hierarchical.Node.around(Node.java:137)
	at org.junit.platform.engine.support.hierarchical.NodeTestTask.lambda$executeRecursively$9(NodeTestTask.java:139)
	at org.junit.platform.engine.support.hierarchical.ThrowableCollector.execute(ThrowableCollector.java:73)
	at org.junit.platform.engine.support.hierarchical.NodeTestTask.executeRecursively(NodeTestTask.java:138)
	at org.junit.platform.engine.support.hierarchical.NodeTestTask.execute(NodeTestTask.java:95)
	at org.junit.platform.engine.support.hierarchical.SameThreadHierarchicalTestExecutorService.submit(SameThreadHierarchicalTestExecutorService.java:35)
	at org.junit.platform.engine.support.hierarchical.HierarchicalTestExecutor.execute(HierarchicalTestExecutor.java:57)
	at org.junit.platform.engine.support.hierarchical.HierarchicalTestEngine.execute(HierarchicalTestEngine.java:54)
	at org.junit.platform.launcher.core.EngineExecutionOrchestrator.execute(EngineExecutionOrchestrator.java:147)
	at org.junit.platform.launcher.core.EngineExecutionOrchestrator.execute(EngineExecutionOrchestrator.java:127)
	at org.junit.platform.launcher.core.EngineExecutionOrchestrator.execute(EngineExecutionOrchestrator.java:90)
	at org.junit.platform.launcher.core.EngineExecutionOrchestrator.lambda$execute$0(EngineExecutionOrchestrator.java:55)
	at org.junit.platform.launcher.core.EngineExecutionOrchestrator.withInterceptedStreams(EngineExecutionOrchestrator.java:102)
	at org.junit.platform.launcher.core.EngineExecutionOrchestrator.execute(EngineExecutionOrchestrator.java:54)
	at org.junit.platform.launcher.core.DefaultLauncher.execute(DefaultLauncher.java:114)
	at org.junit.platform.launcher.core.DefaultLauncher.execute(DefaultLauncher.java:86)
	at org.junit.platform.launcher.core.DefaultLauncherSession$DelegatingLauncher.execute(DefaultLauncherSession.java:86)
	at org.apache.maven.surefire.junitplatform.LazyLauncher.execute(LazyLauncher.java:50)
	at org.apache.maven.surefire.junitplatform.JUnitPlatformProvider.execute(JUnitPlatformProvider.java:184)
	at org.apache.maven.surefire.junitplatform.JUnitPlatformProvider.invokeAllTests(JUnitPlatformProvider.java:148)
	at org.apache.maven.surefire.junitplatform.JUnitPlatformProvider.invoke(JUnitPlatformProvider.java:122)
	at org.apache.maven.surefire.booter.ForkedBooter.runSuitesInProcess(ForkedBooter.java:385)
	at org.apache.maven.surefire.booter.ForkedBooter.execute(ForkedBooter.java:162)
	at org.apache.maven.surefire.booter.ForkedBooter.run(ForkedBooter.java:507)
	at org.apache.maven.surefire.booter.ForkedBooter.main(ForkedBooter.java:495)
Caused by: java.lang.IllegalStateException: Not provider of jakarta.mail.util.StreamProvider was found
	at jakarta.mail.util.FactoryFinder.find(FactoryFinder.java:64)
	at jakarta.mail.util.StreamProvider.provider(StreamProvider.java:186)
	at jakarta.mail.Session.<init>(Session.java:254)
	at jakarta.mail.Session.getInstance(Session.java:325)
	at com.web.webapp.EmailSender.getMessageForSession(EmailSender.java:43)
	at com.web.webapp.EmailSender.sendEmail(EmailSender.java:23)
	at com.web.webapp.EmailController.sendEmail(EmailController.java:58)
	at java.base/jdk.internal.reflect.DirectMethodHandleAccessor.invoke(DirectMethodHandleAccessor.java:104)
	at java.base/java.lang.reflect.Method.invoke(Method.java:578)
	at org.springframework.web.method.support.InvocableHandlerMethod.doInvoke(InvocableHandlerMethod.java:207)
	at org.springframework.web.method.support.InvocableHandlerMethod.invokeForRequest(InvocableHandlerMethod.java:152)
	at org.springframework.web.servlet.mvc.method.annotation.ServletInvocableHandlerMethod.invokeAndHandle(ServletInvocableHandlerMethod.java:118)
	at org.springframework.web.servlet.mvc.method.annotation.RequestMappingHandlerAdapter.invokeHandlerMethod(RequestMappingHandlerAdapter.java:884)
	at org.springframework.web.servlet.mvc.method.annotation.RequestMappingHandlerAdapter.handleInternal(RequestMappingHandlerAdapter.java:797)
	at org.springframework.web.servlet.mvc.method.AbstractHandlerMethodAdapter.handle(AbstractHandlerMethodAdapter.java:87)
	at org.springframework.web.servlet.DispatcherServlet.doDispatch(DispatcherServlet.java:1081)
	at org.springframework.web.servlet.DispatcherServlet.doService(DispatcherServlet.java:974)
	at org.springframework.web.servlet.FrameworkServlet.processRequest(FrameworkServlet.java:1011)
	... 87 more
]]></error>
    <system-out><![CDATA[
MockHttpServletRequest:
      HTTP Method = POST
      Request URI = /sendEmail
       Parameters = {}
          Headers = []
             Body = null
    Session Attrs = {}

Handler:
             Type = com.web.webapp.EmailController
           Method = com.web.webapp.EmailController#sendEmail(Email, BindingResult, Model)

Async:
    Async started = false
     Async result = null

Resolved Exception:
             Type = null

ModelAndView:
        View name = send-email
             View = null
        Attribute = email
            value = From: null
To: null
Content: null
           errors = [Field error in object 'email' on field 'recipient': rejected value [null]; codes [NotBlank.email.recipient,NotBlank.recipient,NotBlank.java.lang.String,NotBlank]; arguments [org.springframework.context.support.DefaultMessageSourceResolvable: codes [email.recipient,recipient]; arguments []; default message [recipient]]; default message [Cannot be blank.], Field error in object 'email' on field 'username': rejected value [null]; codes [NotBlank.email.username,NotBlank.username,NotBlank.java.lang.String,NotBlank]; arguments [org.springframework.context.support.DefaultMessageSourceResolvable: codes [email.username,username]; arguments []; default message [username]]; default message [Username is required for validation.], Field error in object 'email' on field 'content': rejected value [null]; codes [NotBlank.email.content,NotBlank.content,NotBlank.java.lang.String,NotBlank]; arguments [org.springframework.context.support.DefaultMessageSourceResolvable: codes [email.content,content]; arguments []; default message [content]]; default message [Content of the email cannot be empty.], Field error in object 'email' on field 'port': rejected value [null]; codes [NotBlank.email.port,NotBlank.port,NotBlank.java.lang.String,NotBlank]; arguments [org.springframework.context.support.DefaultMessageSourceResolvable: codes [email.port,port]; arguments []; default message [port]]; default message [Port must be provided.], Field error in object 'email' on field 'subject': rejected value [null]; codes [NotBlank.email.subject,NotBlank.subject,NotBlank.java.lang.String,NotBlank]; arguments [org.springframework.context.support.DefaultMessageSourceResolvable: codes [email.subject,subject]; arguments []; default message [subject]]; default message [Subject of the email cannot be empty.], Field error in object 'email' on field 'password': rejected value [null]; codes [NotBlank.email.password,NotBlank.password,NotBlank.java.lang.String,NotBlank]; arguments [org.springframework.context.support.DefaultMessageSourceResolvable: codes [email.password,password]; arguments []; default message [password]]; default message [Password is required for validation.], Field error in object 'email' on field 'sender': rejected value [null]; codes [NotBlank.email.sender,NotBlank.sender,NotBlank.java.lang.String,NotBlank]; arguments [org.springframework.context.support.DefaultMessageSourceResolvable: codes [email.sender,sender]; arguments []; default message [sender]]; default message [Cannot be blank.], Field error in object 'email' on field 'host': rejected value [null]; codes [NotBlank.email.host,NotBlank.host,NotBlank.java.lang.String,NotBlank]; arguments [org.springframework.context.support.DefaultMessageSourceResolvable: codes [email.host,host]; arguments []; default message [host]]; default message [Host must be provided.]]

FlashMap:
       Attributes = null

MockHttpServletResponse:
           Status = 200
    Error message = null
          Headers = [Content-Language:"en", Content-Type:"text/html;charset=UTF-8"]
     Content type = text/html;charset=UTF-8
             Body = <!DOCTYPE html>
<html lang="en">
<head>
    <meta charset="UTF-8">
    <title>Spring Boot Web Application</title>
    <link rel="stylesheet" href="/email-sheet.css">
    <link rel="icon" href="/paper-plane-regular.svg">
    <script src="email.js" defer></script>
</head>
<body>
    <div class="vert-ctnr">
        <div class="header-ctnr">
            <h1 class="header">Welcome to this Email Service!</h1>
            <a href="/" class="home-btn"><img src="/house-chimney-solid.svg"></a>
        </div>
        <p>With this service, you can send basic emails! It is under construction.</p>
        <form action="/sendEmail" method="post">
            <div class="horiz-ctnr">
                <div class="vert-ctnr">
                    <div class="form-row">
                        <label>From:</label>
                        <input class="clickable error-input" type="text" id="sender" name="sender" value="">
                    </div>
                    <div class="error">Cannot be blank.</div>
                </div>
                <div class="vert-ctnr">
                    <div class="form-row">
                        <label>To:</label>
                        <input class="clickable error-input" type="text" id="recipient" name="recipient" value="">
                    </div>
                    <div class="error">Cannot be blank.</div>
                </div>
            </div>
            <div class="horiz-ctnr">
                <div class="vert-ctnr">
                    <div class="form-row">
                        <label>Host:</label>
                        <input class="clickable error-input" id="host" name="host" value="">
                    </div>
                    <div class="error">Host must be provided.</div>
                </div>
                <div class="vert-ctnr">
                    <div class="form-row">
                        <label>Port:</label>
                        <input class="clickable error-input" id="port" name="port" value="">
                    </div>
                    <div class="error">Port must be provided.</div>
                </div>
            </div>
            <div class="horiz-ctnr">
                <div class="vert-ctnr">
                    <div class="form-row">
                        <label>Username:</label>
                        <input class="clickable error-input" id="username" name="username" value="">
                    </div>
                    <div class="error">Username is required for validation.</div>
                </div>
                <div class="vert-ctnr">
                    <div class="form-row">
                        <label>Password:</label>
                        <div class="tooltip">
                            <input type="password" class="clickable error-input" id="password" name="password" value="">
                            <span class="tooltip-tr">Please use an App Password, as this service does not support two-factor authentication.</span>
                        </div>
                    </div>
                    <div class="error">Password is required for validation.</div>
                </div>
            </div>
            <div class="vert-ctnr">
                <div class="form-row">
                    <label>Subject:</label>
                    <input class="clickable error-input" id="subject" name="subject" value="">
                </div>
                <div class="error">Subject of the email cannot be empty.</div>
            </div>
            <div class="vert-ctnr">
                <div class="form-row">
                    <label>Content:</label>
                    <textarea class="clickable error-input" id="content" name="content"></textarea>
                </div>
                <div class="error">Content of the email cannot be empty.</div>
            </div>
            <button class="submit-button clickable" type="submit">Submit</button>
        </form>
        <button class="view-recent-btn">Click here to view the most recent emails sent.</button>
        <div class="recent-emails-ctnr"></div>
    </div>

</body>
</html>
    Forwarded URL = null
   Redirected URL = null
          Cookies = []
]]></system-out>
  </testcase>
  <testcase name="testErrorMapping" classname="com.web.webapp.WebLayerTests" time="0.036"/>
</testsuite>